[2025-02-22T18:03:34.813+0000] {processor.py:161} INFO - Started process (PID=52) to work on /home/airflow/.local/lib/python3.8/site-packages/airflow/example_dags/example_trigger_target_dag.py
[2025-02-22T18:03:34.814+0000] {processor.py:830} INFO - Processing file /home/airflow/.local/lib/python3.8/site-packages/airflow/example_dags/example_trigger_target_dag.py for tasks to queue
[2025-02-22T18:03:34.815+0000] {logging_mixin.py:188} INFO - [2025-02-22T18:03:34.815+0000] {dagbag.py:538} INFO - Filling up the DagBag from /home/airflow/.local/lib/python3.8/site-packages/airflow/example_dags/example_trigger_target_dag.py
[2025-02-22T18:03:34.821+0000] {processor.py:840} INFO - DAG(s) 'example_trigger_target_dag' retrieved from /home/airflow/.local/lib/python3.8/site-packages/airflow/example_dags/example_trigger_target_dag.py
[2025-02-22T18:03:34.839+0000] {logging_mixin.py:188} INFO - [2025-02-22T18:03:34.839+0000] {dag.py:3033} INFO - Sync 1 DAGs
[2025-02-22T18:03:34.855+0000] {logging_mixin.py:188} INFO - [2025-02-22T18:03:34.855+0000] {dag.py:3820} INFO - Setting next_dagrun for example_trigger_target_dag to None, run_after=None
[2025-02-22T18:03:34.872+0000] {processor.py:183} INFO - Processing /home/airflow/.local/lib/python3.8/site-packages/airflow/example_dags/example_trigger_target_dag.py took 0.062 seconds
[2025-02-22T18:04:05.541+0000] {processor.py:161} INFO - Started process (PID=107) to work on /home/airflow/.local/lib/python3.8/site-packages/airflow/example_dags/example_trigger_target_dag.py
[2025-02-22T18:04:05.542+0000] {processor.py:830} INFO - Processing file /home/airflow/.local/lib/python3.8/site-packages/airflow/example_dags/example_trigger_target_dag.py for tasks to queue
[2025-02-22T18:04:05.543+0000] {logging_mixin.py:188} INFO - [2025-02-22T18:04:05.543+0000] {dagbag.py:538} INFO - Filling up the DagBag from /home/airflow/.local/lib/python3.8/site-packages/airflow/example_dags/example_trigger_target_dag.py
[2025-02-22T18:04:05.546+0000] {processor.py:840} INFO - DAG(s) 'example_trigger_target_dag' retrieved from /home/airflow/.local/lib/python3.8/site-packages/airflow/example_dags/example_trigger_target_dag.py
[2025-02-22T18:04:05.607+0000] {logging_mixin.py:188} INFO - [2025-02-22T18:04:05.606+0000] {dag.py:3033} INFO - Sync 1 DAGs
[2025-02-22T18:04:05.613+0000] {logging_mixin.py:188} INFO - [2025-02-22T18:04:05.613+0000] {dag.py:3820} INFO - Setting next_dagrun for example_trigger_target_dag to None, run_after=None
[2025-02-22T18:04:05.625+0000] {processor.py:183} INFO - Processing /home/airflow/.local/lib/python3.8/site-packages/airflow/example_dags/example_trigger_target_dag.py took 0.086 seconds
[2025-02-22T18:04:35.796+0000] {processor.py:161} INFO - Started process (PID=162) to work on /home/airflow/.local/lib/python3.8/site-packages/airflow/example_dags/example_trigger_target_dag.py
[2025-02-22T18:04:35.797+0000] {processor.py:830} INFO - Processing file /home/airflow/.local/lib/python3.8/site-packages/airflow/example_dags/example_trigger_target_dag.py for tasks to queue
[2025-02-22T18:04:35.798+0000] {logging_mixin.py:188} INFO - [2025-02-22T18:04:35.798+0000] {dagbag.py:538} INFO - Filling up the DagBag from /home/airflow/.local/lib/python3.8/site-packages/airflow/example_dags/example_trigger_target_dag.py
[2025-02-22T18:04:35.801+0000] {processor.py:840} INFO - DAG(s) 'example_trigger_target_dag' retrieved from /home/airflow/.local/lib/python3.8/site-packages/airflow/example_dags/example_trigger_target_dag.py
[2025-02-22T18:04:35.814+0000] {logging_mixin.py:188} INFO - [2025-02-22T18:04:35.814+0000] {dag.py:3033} INFO - Sync 1 DAGs
[2025-02-22T18:04:35.823+0000] {logging_mixin.py:188} INFO - [2025-02-22T18:04:35.823+0000] {dag.py:3820} INFO - Setting next_dagrun for example_trigger_target_dag to None, run_after=None
[2025-02-22T18:04:35.835+0000] {processor.py:183} INFO - Processing /home/airflow/.local/lib/python3.8/site-packages/airflow/example_dags/example_trigger_target_dag.py took 0.040 seconds
[2025-02-22T18:05:06.124+0000] {processor.py:161} INFO - Started process (PID=217) to work on /home/airflow/.local/lib/python3.8/site-packages/airflow/example_dags/example_trigger_target_dag.py
[2025-02-22T18:05:06.125+0000] {processor.py:830} INFO - Processing file /home/airflow/.local/lib/python3.8/site-packages/airflow/example_dags/example_trigger_target_dag.py for tasks to queue
[2025-02-22T18:05:06.126+0000] {logging_mixin.py:188} INFO - [2025-02-22T18:05:06.125+0000] {dagbag.py:538} INFO - Filling up the DagBag from /home/airflow/.local/lib/python3.8/site-packages/airflow/example_dags/example_trigger_target_dag.py
[2025-02-22T18:05:06.128+0000] {processor.py:840} INFO - DAG(s) 'example_trigger_target_dag' retrieved from /home/airflow/.local/lib/python3.8/site-packages/airflow/example_dags/example_trigger_target_dag.py
[2025-02-22T18:05:06.141+0000] {logging_mixin.py:188} INFO - [2025-02-22T18:05:06.141+0000] {dag.py:3033} INFO - Sync 1 DAGs
[2025-02-22T18:05:06.147+0000] {logging_mixin.py:188} INFO - [2025-02-22T18:05:06.147+0000] {dag.py:3820} INFO - Setting next_dagrun for example_trigger_target_dag to None, run_after=None
[2025-02-22T18:05:06.159+0000] {processor.py:183} INFO - Processing /home/airflow/.local/lib/python3.8/site-packages/airflow/example_dags/example_trigger_target_dag.py took 0.038 seconds
