[2025-02-22T18:03:35.187+0000] {processor.py:161} INFO - Started process (PID=66) to work on /home/airflow/.local/lib/python3.8/site-packages/airflow/example_dags/example_sla_dag.py
[2025-02-22T18:03:35.188+0000] {processor.py:830} INFO - Processing file /home/airflow/.local/lib/python3.8/site-packages/airflow/example_dags/example_sla_dag.py for tasks to queue
[2025-02-22T18:03:35.189+0000] {logging_mixin.py:188} INFO - [2025-02-22T18:03:35.189+0000] {dagbag.py:538} INFO - Filling up the DagBag from /home/airflow/.local/lib/python3.8/site-packages/airflow/example_dags/example_sla_dag.py
[2025-02-22T18:03:35.197+0000] {processor.py:840} INFO - DAG(s) 'example_sla_dag' retrieved from /home/airflow/.local/lib/python3.8/site-packages/airflow/example_dags/example_sla_dag.py
[2025-02-22T18:03:35.207+0000] {logging_mixin.py:188} INFO - [2025-02-22T18:03:35.207+0000] {dag.py:3033} INFO - Sync 1 DAGs
[2025-02-22T18:03:35.230+0000] {logging_mixin.py:188} INFO - [2025-02-22T18:03:35.230+0000] {dag.py:3820} INFO - Setting next_dagrun for example_sla_dag to 2025-02-22T18:00:00+00:00, run_after=2025-02-22T18:02:00+00:00
[2025-02-22T18:03:35.246+0000] {processor.py:183} INFO - Processing /home/airflow/.local/lib/python3.8/site-packages/airflow/example_dags/example_sla_dag.py took 0.062 seconds
[2025-02-22T18:04:06.082+0000] {processor.py:161} INFO - Started process (PID=121) to work on /home/airflow/.local/lib/python3.8/site-packages/airflow/example_dags/example_sla_dag.py
[2025-02-22T18:04:06.083+0000] {processor.py:830} INFO - Processing file /home/airflow/.local/lib/python3.8/site-packages/airflow/example_dags/example_sla_dag.py for tasks to queue
[2025-02-22T18:04:06.084+0000] {logging_mixin.py:188} INFO - [2025-02-22T18:04:06.084+0000] {dagbag.py:538} INFO - Filling up the DagBag from /home/airflow/.local/lib/python3.8/site-packages/airflow/example_dags/example_sla_dag.py
[2025-02-22T18:04:06.089+0000] {processor.py:840} INFO - DAG(s) 'example_sla_dag' retrieved from /home/airflow/.local/lib/python3.8/site-packages/airflow/example_dags/example_sla_dag.py
[2025-02-22T18:04:06.153+0000] {logging_mixin.py:188} INFO - [2025-02-22T18:04:06.153+0000] {dag.py:3033} INFO - Sync 1 DAGs
[2025-02-22T18:04:06.167+0000] {logging_mixin.py:188} INFO - [2025-02-22T18:04:06.166+0000] {dag.py:3820} INFO - Setting next_dagrun for example_sla_dag to 2025-02-22T18:02:00+00:00, run_after=2025-02-22T18:04:00+00:00
[2025-02-22T18:04:06.180+0000] {processor.py:183} INFO - Processing /home/airflow/.local/lib/python3.8/site-packages/airflow/example_dags/example_sla_dag.py took 0.100 seconds
[2025-02-22T18:04:37.030+0000] {processor.py:161} INFO - Started process (PID=176) to work on /home/airflow/.local/lib/python3.8/site-packages/airflow/example_dags/example_sla_dag.py
[2025-02-22T18:04:37.031+0000] {processor.py:830} INFO - Processing file /home/airflow/.local/lib/python3.8/site-packages/airflow/example_dags/example_sla_dag.py for tasks to queue
[2025-02-22T18:04:37.032+0000] {logging_mixin.py:188} INFO - [2025-02-22T18:04:37.031+0000] {dagbag.py:538} INFO - Filling up the DagBag from /home/airflow/.local/lib/python3.8/site-packages/airflow/example_dags/example_sla_dag.py
[2025-02-22T18:04:37.036+0000] {processor.py:840} INFO - DAG(s) 'example_sla_dag' retrieved from /home/airflow/.local/lib/python3.8/site-packages/airflow/example_dags/example_sla_dag.py
[2025-02-22T18:04:37.048+0000] {logging_mixin.py:188} INFO - [2025-02-22T18:04:37.048+0000] {dag.py:3033} INFO - Sync 1 DAGs
[2025-02-22T18:04:37.062+0000] {logging_mixin.py:188} INFO - [2025-02-22T18:04:37.061+0000] {dag.py:3820} INFO - Setting next_dagrun for example_sla_dag to 2025-02-22T18:02:00+00:00, run_after=2025-02-22T18:04:00+00:00
[2025-02-22T18:04:37.072+0000] {processor.py:183} INFO - Processing /home/airflow/.local/lib/python3.8/site-packages/airflow/example_dags/example_sla_dag.py took 0.044 seconds
[2025-02-22T18:05:07.372+0000] {processor.py:161} INFO - Started process (PID=225) to work on /home/airflow/.local/lib/python3.8/site-packages/airflow/example_dags/example_sla_dag.py
[2025-02-22T18:05:07.373+0000] {processor.py:830} INFO - Processing file /home/airflow/.local/lib/python3.8/site-packages/airflow/example_dags/example_sla_dag.py for tasks to queue
[2025-02-22T18:05:07.374+0000] {logging_mixin.py:188} INFO - [2025-02-22T18:05:07.374+0000] {dagbag.py:538} INFO - Filling up the DagBag from /home/airflow/.local/lib/python3.8/site-packages/airflow/example_dags/example_sla_dag.py
[2025-02-22T18:05:07.379+0000] {processor.py:840} INFO - DAG(s) 'example_sla_dag' retrieved from /home/airflow/.local/lib/python3.8/site-packages/airflow/example_dags/example_sla_dag.py
[2025-02-22T18:05:07.391+0000] {logging_mixin.py:188} INFO - [2025-02-22T18:05:07.390+0000] {dag.py:3033} INFO - Sync 1 DAGs
[2025-02-22T18:05:07.404+0000] {logging_mixin.py:188} INFO - [2025-02-22T18:05:07.404+0000] {dag.py:3820} INFO - Setting next_dagrun for example_sla_dag to 2025-02-22T18:02:00+00:00, run_after=2025-02-22T18:04:00+00:00
[2025-02-22T18:05:07.415+0000] {processor.py:183} INFO - Processing /home/airflow/.local/lib/python3.8/site-packages/airflow/example_dags/example_sla_dag.py took 0.045 seconds
