[2025-02-22T18:03:35.869+0000] {processor.py:161} INFO - Started process (PID=83) to work on /home/airflow/.local/lib/python3.8/site-packages/airflow/example_dags/example_python_decorator.py
[2025-02-22T18:03:35.869+0000] {processor.py:830} INFO - Processing file /home/airflow/.local/lib/python3.8/site-packages/airflow/example_dags/example_python_decorator.py for tasks to queue
[2025-02-22T18:03:35.871+0000] {logging_mixin.py:188} INFO - [2025-02-22T18:03:35.871+0000] {dagbag.py:538} INFO - Filling up the DagBag from /home/airflow/.local/lib/python3.8/site-packages/airflow/example_dags/example_python_decorator.py
[2025-02-22T18:03:35.882+0000] {processor.py:840} INFO - DAG(s) 'example_python_decorator' retrieved from /home/airflow/.local/lib/python3.8/site-packages/airflow/example_dags/example_python_decorator.py
[2025-02-22T18:03:35.892+0000] {logging_mixin.py:188} INFO - [2025-02-22T18:03:35.892+0000] {dag.py:3033} INFO - Sync 1 DAGs
[2025-02-22T18:03:35.903+0000] {logging_mixin.py:188} INFO - [2025-02-22T18:03:35.903+0000] {dag.py:3820} INFO - Setting next_dagrun for example_python_decorator to None, run_after=None
[2025-02-22T18:03:35.915+0000] {processor.py:183} INFO - Processing /home/airflow/.local/lib/python3.8/site-packages/airflow/example_dags/example_python_decorator.py took 0.050 seconds
[2025-02-22T18:04:07.085+0000] {processor.py:161} INFO - Started process (PID=138) to work on /home/airflow/.local/lib/python3.8/site-packages/airflow/example_dags/example_python_decorator.py
[2025-02-22T18:04:07.086+0000] {processor.py:830} INFO - Processing file /home/airflow/.local/lib/python3.8/site-packages/airflow/example_dags/example_python_decorator.py for tasks to queue
[2025-02-22T18:04:07.088+0000] {logging_mixin.py:188} INFO - [2025-02-22T18:04:07.088+0000] {dagbag.py:538} INFO - Filling up the DagBag from /home/airflow/.local/lib/python3.8/site-packages/airflow/example_dags/example_python_decorator.py
[2025-02-22T18:04:07.093+0000] {processor.py:840} INFO - DAG(s) 'example_python_decorator' retrieved from /home/airflow/.local/lib/python3.8/site-packages/airflow/example_dags/example_python_decorator.py
[2025-02-22T18:04:07.153+0000] {logging_mixin.py:188} INFO - [2025-02-22T18:04:07.153+0000] {dag.py:3033} INFO - Sync 1 DAGs
[2025-02-22T18:04:07.159+0000] {logging_mixin.py:188} INFO - [2025-02-22T18:04:07.159+0000] {dag.py:3820} INFO - Setting next_dagrun for example_python_decorator to None, run_after=None
[2025-02-22T18:04:07.172+0000] {processor.py:183} INFO - Processing /home/airflow/.local/lib/python3.8/site-packages/airflow/example_dags/example_python_decorator.py took 0.089 seconds
[2025-02-22T18:04:37.676+0000] {processor.py:161} INFO - Started process (PID=193) to work on /home/airflow/.local/lib/python3.8/site-packages/airflow/example_dags/example_python_decorator.py
[2025-02-22T18:04:37.677+0000] {processor.py:830} INFO - Processing file /home/airflow/.local/lib/python3.8/site-packages/airflow/example_dags/example_python_decorator.py for tasks to queue
[2025-02-22T18:04:37.678+0000] {logging_mixin.py:188} INFO - [2025-02-22T18:04:37.678+0000] {dagbag.py:538} INFO - Filling up the DagBag from /home/airflow/.local/lib/python3.8/site-packages/airflow/example_dags/example_python_decorator.py
[2025-02-22T18:04:37.683+0000] {processor.py:840} INFO - DAG(s) 'example_python_decorator' retrieved from /home/airflow/.local/lib/python3.8/site-packages/airflow/example_dags/example_python_decorator.py
[2025-02-22T18:04:37.698+0000] {logging_mixin.py:188} INFO - [2025-02-22T18:04:37.698+0000] {dag.py:3033} INFO - Sync 1 DAGs
[2025-02-22T18:04:37.705+0000] {logging_mixin.py:188} INFO - [2025-02-22T18:04:37.705+0000] {dag.py:3820} INFO - Setting next_dagrun for example_python_decorator to None, run_after=None
[2025-02-22T18:04:37.716+0000] {processor.py:183} INFO - Processing /home/airflow/.local/lib/python3.8/site-packages/airflow/example_dags/example_python_decorator.py took 0.042 seconds
[2025-02-22T18:05:08.061+0000] {processor.py:161} INFO - Started process (PID=242) to work on /home/airflow/.local/lib/python3.8/site-packages/airflow/example_dags/example_python_decorator.py
[2025-02-22T18:05:08.062+0000] {processor.py:830} INFO - Processing file /home/airflow/.local/lib/python3.8/site-packages/airflow/example_dags/example_python_decorator.py for tasks to queue
[2025-02-22T18:05:08.064+0000] {logging_mixin.py:188} INFO - [2025-02-22T18:05:08.064+0000] {dagbag.py:538} INFO - Filling up the DagBag from /home/airflow/.local/lib/python3.8/site-packages/airflow/example_dags/example_python_decorator.py
[2025-02-22T18:05:08.069+0000] {processor.py:840} INFO - DAG(s) 'example_python_decorator' retrieved from /home/airflow/.local/lib/python3.8/site-packages/airflow/example_dags/example_python_decorator.py
[2025-02-22T18:05:08.082+0000] {logging_mixin.py:188} INFO - [2025-02-22T18:05:08.082+0000] {dag.py:3033} INFO - Sync 1 DAGs
[2025-02-22T18:05:08.089+0000] {logging_mixin.py:188} INFO - [2025-02-22T18:05:08.089+0000] {dag.py:3820} INFO - Setting next_dagrun for example_python_decorator to None, run_after=None
[2025-02-22T18:05:08.100+0000] {processor.py:183} INFO - Processing /home/airflow/.local/lib/python3.8/site-packages/airflow/example_dags/example_python_decorator.py took 0.041 seconds
