[2025-02-22T18:03:35.752+0000] {processor.py:161} INFO - Started process (PID=79) to work on /home/airflow/.local/lib/python3.8/site-packages/airflow/example_dags/example_xcomargs.py
[2025-02-22T18:03:35.752+0000] {processor.py:830} INFO - Processing file /home/airflow/.local/lib/python3.8/site-packages/airflow/example_dags/example_xcomargs.py for tasks to queue
[2025-02-22T18:03:35.754+0000] {logging_mixin.py:188} INFO - [2025-02-22T18:03:35.753+0000] {dagbag.py:538} INFO - Filling up the DagBag from /home/airflow/.local/lib/python3.8/site-packages/airflow/example_dags/example_xcomargs.py
[2025-02-22T18:03:35.760+0000] {processor.py:840} INFO - DAG(s) 'example_xcom_args_with_operators', 'example_xcom_args' retrieved from /home/airflow/.local/lib/python3.8/site-packages/airflow/example_dags/example_xcomargs.py
[2025-02-22T18:03:35.771+0000] {logging_mixin.py:188} INFO - [2025-02-22T18:03:35.771+0000] {dag.py:3033} INFO - Sync 2 DAGs
[2025-02-22T18:03:35.779+0000] {logging_mixin.py:188} INFO - [2025-02-22T18:03:35.779+0000] {dag.py:3820} INFO - Setting next_dagrun for example_xcom_args to None, run_after=None
[2025-02-22T18:03:35.781+0000] {logging_mixin.py:188} INFO - [2025-02-22T18:03:35.781+0000] {dag.py:3820} INFO - Setting next_dagrun for example_xcom_args_with_operators to None, run_after=None
[2025-02-22T18:03:35.793+0000] {processor.py:183} INFO - Processing /home/airflow/.local/lib/python3.8/site-packages/airflow/example_dags/example_xcomargs.py took 0.043 seconds
[2025-02-22T18:04:06.876+0000] {processor.py:161} INFO - Started process (PID=134) to work on /home/airflow/.local/lib/python3.8/site-packages/airflow/example_dags/example_xcomargs.py
[2025-02-22T18:04:06.877+0000] {processor.py:830} INFO - Processing file /home/airflow/.local/lib/python3.8/site-packages/airflow/example_dags/example_xcomargs.py for tasks to queue
[2025-02-22T18:04:06.878+0000] {logging_mixin.py:188} INFO - [2025-02-22T18:04:06.878+0000] {dagbag.py:538} INFO - Filling up the DagBag from /home/airflow/.local/lib/python3.8/site-packages/airflow/example_dags/example_xcomargs.py
[2025-02-22T18:04:06.884+0000] {processor.py:840} INFO - DAG(s) 'example_xcom_args', 'example_xcom_args_with_operators' retrieved from /home/airflow/.local/lib/python3.8/site-packages/airflow/example_dags/example_xcomargs.py
[2025-02-22T18:04:06.953+0000] {logging_mixin.py:188} INFO - [2025-02-22T18:04:06.953+0000] {dag.py:3033} INFO - Sync 2 DAGs
[2025-02-22T18:04:06.960+0000] {logging_mixin.py:188} INFO - [2025-02-22T18:04:06.960+0000] {dag.py:3820} INFO - Setting next_dagrun for example_xcom_args to None, run_after=None
[2025-02-22T18:04:06.962+0000] {logging_mixin.py:188} INFO - [2025-02-22T18:04:06.962+0000] {dag.py:3820} INFO - Setting next_dagrun for example_xcom_args_with_operators to None, run_after=None
[2025-02-22T18:04:06.974+0000] {processor.py:183} INFO - Processing /home/airflow/.local/lib/python3.8/site-packages/airflow/example_dags/example_xcomargs.py took 0.100 seconds
[2025-02-22T18:04:37.576+0000] {processor.py:161} INFO - Started process (PID=189) to work on /home/airflow/.local/lib/python3.8/site-packages/airflow/example_dags/example_xcomargs.py
[2025-02-22T18:04:37.577+0000] {processor.py:830} INFO - Processing file /home/airflow/.local/lib/python3.8/site-packages/airflow/example_dags/example_xcomargs.py for tasks to queue
[2025-02-22T18:04:37.578+0000] {logging_mixin.py:188} INFO - [2025-02-22T18:04:37.578+0000] {dagbag.py:538} INFO - Filling up the DagBag from /home/airflow/.local/lib/python3.8/site-packages/airflow/example_dags/example_xcomargs.py
[2025-02-22T18:04:37.582+0000] {processor.py:840} INFO - DAG(s) 'example_xcom_args', 'example_xcom_args_with_operators' retrieved from /home/airflow/.local/lib/python3.8/site-packages/airflow/example_dags/example_xcomargs.py
[2025-02-22T18:04:37.597+0000] {logging_mixin.py:188} INFO - [2025-02-22T18:04:37.597+0000] {dag.py:3033} INFO - Sync 2 DAGs
[2025-02-22T18:04:37.604+0000] {logging_mixin.py:188} INFO - [2025-02-22T18:04:37.604+0000] {dag.py:3820} INFO - Setting next_dagrun for example_xcom_args to None, run_after=None
[2025-02-22T18:04:37.606+0000] {logging_mixin.py:188} INFO - [2025-02-22T18:04:37.606+0000] {dag.py:3820} INFO - Setting next_dagrun for example_xcom_args_with_operators to None, run_after=None
[2025-02-22T18:04:37.615+0000] {processor.py:183} INFO - Processing /home/airflow/.local/lib/python3.8/site-packages/airflow/example_dags/example_xcomargs.py took 0.041 seconds
[2025-02-22T18:05:07.899+0000] {processor.py:161} INFO - Started process (PID=238) to work on /home/airflow/.local/lib/python3.8/site-packages/airflow/example_dags/example_xcomargs.py
[2025-02-22T18:05:07.900+0000] {processor.py:830} INFO - Processing file /home/airflow/.local/lib/python3.8/site-packages/airflow/example_dags/example_xcomargs.py for tasks to queue
[2025-02-22T18:05:07.901+0000] {logging_mixin.py:188} INFO - [2025-02-22T18:05:07.901+0000] {dagbag.py:538} INFO - Filling up the DagBag from /home/airflow/.local/lib/python3.8/site-packages/airflow/example_dags/example_xcomargs.py
[2025-02-22T18:05:07.905+0000] {processor.py:840} INFO - DAG(s) 'example_xcom_args_with_operators', 'example_xcom_args' retrieved from /home/airflow/.local/lib/python3.8/site-packages/airflow/example_dags/example_xcomargs.py
[2025-02-22T18:05:07.919+0000] {logging_mixin.py:188} INFO - [2025-02-22T18:05:07.919+0000] {dag.py:3033} INFO - Sync 2 DAGs
[2025-02-22T18:05:07.926+0000] {logging_mixin.py:188} INFO - [2025-02-22T18:05:07.926+0000] {dag.py:3820} INFO - Setting next_dagrun for example_xcom_args to None, run_after=None
[2025-02-22T18:05:07.927+0000] {logging_mixin.py:188} INFO - [2025-02-22T18:05:07.927+0000] {dag.py:3820} INFO - Setting next_dagrun for example_xcom_args_with_operators to None, run_after=None
[2025-02-22T18:05:07.937+0000] {processor.py:183} INFO - Processing /home/airflow/.local/lib/python3.8/site-packages/airflow/example_dags/example_xcomargs.py took 0.040 seconds
