[2025-02-22T18:03:35.993+0000] {processor.py:161} INFO - Started process (PID=87) to work on /home/airflow/.local/lib/python3.8/site-packages/airflow/example_dags/example_subdag_operator.py
[2025-02-22T18:03:35.994+0000] {processor.py:830} INFO - Processing file /home/airflow/.local/lib/python3.8/site-packages/airflow/example_dags/example_subdag_operator.py for tasks to queue
[2025-02-22T18:03:35.996+0000] {logging_mixin.py:188} INFO - [2025-02-22T18:03:35.996+0000] {dagbag.py:538} INFO - Filling up the DagBag from /home/airflow/.local/lib/python3.8/site-packages/airflow/example_dags/example_subdag_operator.py
[2025-02-22T18:03:36.017+0000] {processor.py:840} INFO - DAG(s) 'example_subdag_operator.section-1', 'example_subdag_operator.section-2', 'example_subdag_operator' retrieved from /home/airflow/.local/lib/python3.8/site-packages/airflow/example_dags/example_subdag_operator.py
[2025-02-22T18:03:36.019+0000] {logging_mixin.py:188} INFO - [2025-02-22T18:03:36.019+0000] {dag.py:3033} INFO - Sync 3 DAGs
[2025-02-22T18:03:36.034+0000] {logging_mixin.py:188} INFO - [2025-02-22T18:03:36.034+0000] {dag.py:3820} INFO - Setting next_dagrun for example_subdag_operator to 2022-01-01T00:00:00+00:00, run_after=2022-01-01T00:00:00+00:00
[2025-02-22T18:03:36.036+0000] {logging_mixin.py:188} INFO - [2025-02-22T18:03:36.036+0000] {dag.py:3820} INFO - Setting next_dagrun for example_subdag_operator.section-1 to None, run_after=None
[2025-02-22T18:03:36.037+0000] {logging_mixin.py:188} INFO - [2025-02-22T18:03:36.037+0000] {dag.py:3820} INFO - Setting next_dagrun for example_subdag_operator.section-2 to None, run_after=None
[2025-02-22T18:03:36.042+0000] {logging_mixin.py:188} INFO - [2025-02-22T18:03:36.042+0000] {dag.py:3033} INFO - Sync 2 DAGs
[2025-02-22T18:03:36.045+0000] {logging_mixin.py:188} INFO - [2025-02-22T18:03:36.045+0000] {dag.py:3820} INFO - Setting next_dagrun for example_subdag_operator.section-1 to None, run_after=None
[2025-02-22T18:03:36.045+0000] {logging_mixin.py:188} INFO - [2025-02-22T18:03:36.045+0000] {dag.py:3820} INFO - Setting next_dagrun for example_subdag_operator.section-2 to None, run_after=None
[2025-02-22T18:03:36.054+0000] {processor.py:183} INFO - Processing /home/airflow/.local/lib/python3.8/site-packages/airflow/example_dags/example_subdag_operator.py took 0.063 seconds
[2025-02-22T18:04:07.290+0000] {processor.py:161} INFO - Started process (PID=142) to work on /home/airflow/.local/lib/python3.8/site-packages/airflow/example_dags/example_subdag_operator.py
[2025-02-22T18:04:07.291+0000] {processor.py:830} INFO - Processing file /home/airflow/.local/lib/python3.8/site-packages/airflow/example_dags/example_subdag_operator.py for tasks to queue
[2025-02-22T18:04:07.293+0000] {logging_mixin.py:188} INFO - [2025-02-22T18:04:07.292+0000] {dagbag.py:538} INFO - Filling up the DagBag from /home/airflow/.local/lib/python3.8/site-packages/airflow/example_dags/example_subdag_operator.py
[2025-02-22T18:04:07.307+0000] {processor.py:840} INFO - DAG(s) 'example_subdag_operator.section-1', 'example_subdag_operator.section-2', 'example_subdag_operator' retrieved from /home/airflow/.local/lib/python3.8/site-packages/airflow/example_dags/example_subdag_operator.py
[2025-02-22T18:04:07.363+0000] {logging_mixin.py:188} INFO - [2025-02-22T18:04:07.363+0000] {dag.py:3033} INFO - Sync 3 DAGs
[2025-02-22T18:04:07.376+0000] {logging_mixin.py:188} INFO - [2025-02-22T18:04:07.376+0000] {dag.py:3820} INFO - Setting next_dagrun for example_subdag_operator to 2022-01-01T00:00:00+00:00, run_after=2022-01-01T00:00:00+00:00
[2025-02-22T18:04:07.377+0000] {logging_mixin.py:188} INFO - [2025-02-22T18:04:07.377+0000] {dag.py:3820} INFO - Setting next_dagrun for example_subdag_operator.section-1 to None, run_after=None
[2025-02-22T18:04:07.378+0000] {logging_mixin.py:188} INFO - [2025-02-22T18:04:07.378+0000] {dag.py:3820} INFO - Setting next_dagrun for example_subdag_operator.section-2 to None, run_after=None
[2025-02-22T18:04:07.384+0000] {logging_mixin.py:188} INFO - [2025-02-22T18:04:07.384+0000] {dag.py:3033} INFO - Sync 2 DAGs
[2025-02-22T18:04:07.387+0000] {logging_mixin.py:188} INFO - [2025-02-22T18:04:07.387+0000] {dag.py:3820} INFO - Setting next_dagrun for example_subdag_operator.section-1 to None, run_after=None
[2025-02-22T18:04:07.387+0000] {logging_mixin.py:188} INFO - [2025-02-22T18:04:07.387+0000] {dag.py:3820} INFO - Setting next_dagrun for example_subdag_operator.section-2 to None, run_after=None
[2025-02-22T18:04:07.394+0000] {processor.py:183} INFO - Processing /home/airflow/.local/lib/python3.8/site-packages/airflow/example_dags/example_subdag_operator.py took 0.106 seconds
[2025-02-22T18:04:37.781+0000] {processor.py:161} INFO - Started process (PID=197) to work on /home/airflow/.local/lib/python3.8/site-packages/airflow/example_dags/example_subdag_operator.py
[2025-02-22T18:04:37.782+0000] {processor.py:830} INFO - Processing file /home/airflow/.local/lib/python3.8/site-packages/airflow/example_dags/example_subdag_operator.py for tasks to queue
[2025-02-22T18:04:37.783+0000] {logging_mixin.py:188} INFO - [2025-02-22T18:04:37.783+0000] {dagbag.py:538} INFO - Filling up the DagBag from /home/airflow/.local/lib/python3.8/site-packages/airflow/example_dags/example_subdag_operator.py
[2025-02-22T18:04:37.796+0000] {processor.py:840} INFO - DAG(s) 'example_subdag_operator.section-1', 'example_subdag_operator.section-2', 'example_subdag_operator' retrieved from /home/airflow/.local/lib/python3.8/site-packages/airflow/example_dags/example_subdag_operator.py
[2025-02-22T18:04:37.805+0000] {logging_mixin.py:188} INFO - [2025-02-22T18:04:37.805+0000] {dag.py:3033} INFO - Sync 3 DAGs
[2025-02-22T18:04:37.816+0000] {logging_mixin.py:188} INFO - [2025-02-22T18:04:37.816+0000] {dag.py:3820} INFO - Setting next_dagrun for example_subdag_operator to 2022-01-01T00:00:00+00:00, run_after=2022-01-01T00:00:00+00:00
[2025-02-22T18:04:37.818+0000] {logging_mixin.py:188} INFO - [2025-02-22T18:04:37.818+0000] {dag.py:3820} INFO - Setting next_dagrun for example_subdag_operator.section-1 to None, run_after=None
[2025-02-22T18:04:37.819+0000] {logging_mixin.py:188} INFO - [2025-02-22T18:04:37.819+0000] {dag.py:3820} INFO - Setting next_dagrun for example_subdag_operator.section-2 to None, run_after=None
[2025-02-22T18:04:37.822+0000] {logging_mixin.py:188} INFO - [2025-02-22T18:04:37.822+0000] {dag.py:3033} INFO - Sync 2 DAGs
[2025-02-22T18:04:37.825+0000] {logging_mixin.py:188} INFO - [2025-02-22T18:04:37.825+0000] {dag.py:3820} INFO - Setting next_dagrun for example_subdag_operator.section-1 to None, run_after=None
[2025-02-22T18:04:37.825+0000] {logging_mixin.py:188} INFO - [2025-02-22T18:04:37.825+0000] {dag.py:3820} INFO - Setting next_dagrun for example_subdag_operator.section-2 to None, run_after=None
[2025-02-22T18:04:37.831+0000] {processor.py:183} INFO - Processing /home/airflow/.local/lib/python3.8/site-packages/airflow/example_dags/example_subdag_operator.py took 0.052 seconds
[2025-02-22T18:05:08.170+0000] {processor.py:161} INFO - Started process (PID=246) to work on /home/airflow/.local/lib/python3.8/site-packages/airflow/example_dags/example_subdag_operator.py
[2025-02-22T18:05:08.171+0000] {processor.py:830} INFO - Processing file /home/airflow/.local/lib/python3.8/site-packages/airflow/example_dags/example_subdag_operator.py for tasks to queue
[2025-02-22T18:05:08.172+0000] {logging_mixin.py:188} INFO - [2025-02-22T18:05:08.172+0000] {dagbag.py:538} INFO - Filling up the DagBag from /home/airflow/.local/lib/python3.8/site-packages/airflow/example_dags/example_subdag_operator.py
[2025-02-22T18:05:08.185+0000] {processor.py:840} INFO - DAG(s) 'example_subdag_operator.section-1', 'example_subdag_operator.section-2', 'example_subdag_operator' retrieved from /home/airflow/.local/lib/python3.8/site-packages/airflow/example_dags/example_subdag_operator.py
[2025-02-22T18:05:08.195+0000] {logging_mixin.py:188} INFO - [2025-02-22T18:05:08.194+0000] {dag.py:3033} INFO - Sync 3 DAGs
[2025-02-22T18:05:08.207+0000] {logging_mixin.py:188} INFO - [2025-02-22T18:05:08.206+0000] {dag.py:3820} INFO - Setting next_dagrun for example_subdag_operator to 2022-01-01T00:00:00+00:00, run_after=2022-01-01T00:00:00+00:00
[2025-02-22T18:05:08.209+0000] {logging_mixin.py:188} INFO - [2025-02-22T18:05:08.209+0000] {dag.py:3820} INFO - Setting next_dagrun for example_subdag_operator.section-1 to None, run_after=None
[2025-02-22T18:05:08.210+0000] {logging_mixin.py:188} INFO - [2025-02-22T18:05:08.210+0000] {dag.py:3820} INFO - Setting next_dagrun for example_subdag_operator.section-2 to None, run_after=None
[2025-02-22T18:05:08.214+0000] {logging_mixin.py:188} INFO - [2025-02-22T18:05:08.214+0000] {dag.py:3033} INFO - Sync 2 DAGs
[2025-02-22T18:05:08.216+0000] {logging_mixin.py:188} INFO - [2025-02-22T18:05:08.216+0000] {dag.py:3820} INFO - Setting next_dagrun for example_subdag_operator.section-1 to None, run_after=None
[2025-02-22T18:05:08.216+0000] {logging_mixin.py:188} INFO - [2025-02-22T18:05:08.216+0000] {dag.py:3820} INFO - Setting next_dagrun for example_subdag_operator.section-2 to None, run_after=None
[2025-02-22T18:05:08.225+0000] {processor.py:183} INFO - Processing /home/airflow/.local/lib/python3.8/site-packages/airflow/example_dags/example_subdag_operator.py took 0.057 seconds
