[2025-02-22T18:03:34.779+0000] {processor.py:161} INFO - Started process (PID=51) to work on /home/airflow/.local/lib/python3.8/site-packages/airflow/example_dags/example_branch_operator.py
[2025-02-22T18:03:34.780+0000] {processor.py:830} INFO - Processing file /home/airflow/.local/lib/python3.8/site-packages/airflow/example_dags/example_branch_operator.py for tasks to queue
[2025-02-22T18:03:34.784+0000] {logging_mixin.py:188} INFO - [2025-02-22T18:03:34.784+0000] {dagbag.py:538} INFO - Filling up the DagBag from /home/airflow/.local/lib/python3.8/site-packages/airflow/example_dags/example_branch_operator.py
[2025-02-22T18:03:34.810+0000] {processor.py:840} INFO - DAG(s) 'example_branch_operator' retrieved from /home/airflow/.local/lib/python3.8/site-packages/airflow/example_dags/example_branch_operator.py
[2025-02-22T18:03:34.818+0000] {logging_mixin.py:188} INFO - [2025-02-22T18:03:34.818+0000] {dag.py:3033} INFO - Sync 1 DAGs
[2025-02-22T18:03:34.839+0000] {logging_mixin.py:188} INFO - [2025-02-22T18:03:34.839+0000] {dag.py:3820} INFO - Setting next_dagrun for example_branch_operator to 2025-02-21T00:00:00+00:00, run_after=2025-02-22T00:00:00+00:00
[2025-02-22T18:03:34.857+0000] {processor.py:183} INFO - Processing /home/airflow/.local/lib/python3.8/site-packages/airflow/example_dags/example_branch_operator.py took 0.082 seconds
[2025-02-22T18:04:05.539+0000] {processor.py:161} INFO - Started process (PID=106) to work on /home/airflow/.local/lib/python3.8/site-packages/airflow/example_dags/example_branch_operator.py
[2025-02-22T18:04:05.540+0000] {processor.py:830} INFO - Processing file /home/airflow/.local/lib/python3.8/site-packages/airflow/example_dags/example_branch_operator.py for tasks to queue
[2025-02-22T18:04:05.541+0000] {logging_mixin.py:188} INFO - [2025-02-22T18:04:05.541+0000] {dagbag.py:538} INFO - Filling up the DagBag from /home/airflow/.local/lib/python3.8/site-packages/airflow/example_dags/example_branch_operator.py
[2025-02-22T18:04:05.551+0000] {processor.py:840} INFO - DAG(s) 'example_branch_operator' retrieved from /home/airflow/.local/lib/python3.8/site-packages/airflow/example_dags/example_branch_operator.py
[2025-02-22T18:04:05.615+0000] {logging_mixin.py:188} INFO - [2025-02-22T18:04:05.614+0000] {dag.py:3033} INFO - Sync 1 DAGs
[2025-02-22T18:04:05.627+0000] {logging_mixin.py:188} INFO - [2025-02-22T18:04:05.626+0000] {dag.py:3820} INFO - Setting next_dagrun for example_branch_operator to 2025-02-21T00:00:00+00:00, run_after=2025-02-22T00:00:00+00:00
[2025-02-22T18:04:05.639+0000] {processor.py:183} INFO - Processing /home/airflow/.local/lib/python3.8/site-packages/airflow/example_dags/example_branch_operator.py took 0.103 seconds
[2025-02-22T18:04:35.793+0000] {processor.py:161} INFO - Started process (PID=161) to work on /home/airflow/.local/lib/python3.8/site-packages/airflow/example_dags/example_branch_operator.py
[2025-02-22T18:04:35.794+0000] {processor.py:830} INFO - Processing file /home/airflow/.local/lib/python3.8/site-packages/airflow/example_dags/example_branch_operator.py for tasks to queue
[2025-02-22T18:04:35.795+0000] {logging_mixin.py:188} INFO - [2025-02-22T18:04:35.795+0000] {dagbag.py:538} INFO - Filling up the DagBag from /home/airflow/.local/lib/python3.8/site-packages/airflow/example_dags/example_branch_operator.py
[2025-02-22T18:04:35.804+0000] {processor.py:840} INFO - DAG(s) 'example_branch_operator' retrieved from /home/airflow/.local/lib/python3.8/site-packages/airflow/example_dags/example_branch_operator.py
[2025-02-22T18:04:35.822+0000] {logging_mixin.py:188} INFO - [2025-02-22T18:04:35.821+0000] {dag.py:3033} INFO - Sync 1 DAGs
[2025-02-22T18:04:35.837+0000] {logging_mixin.py:188} INFO - [2025-02-22T18:04:35.837+0000] {dag.py:3820} INFO - Setting next_dagrun for example_branch_operator to 2025-02-21T00:00:00+00:00, run_after=2025-02-22T00:00:00+00:00
[2025-02-22T18:04:35.848+0000] {processor.py:183} INFO - Processing /home/airflow/.local/lib/python3.8/site-packages/airflow/example_dags/example_branch_operator.py took 0.056 seconds
[2025-02-22T18:05:06.121+0000] {processor.py:161} INFO - Started process (PID=216) to work on /home/airflow/.local/lib/python3.8/site-packages/airflow/example_dags/example_branch_operator.py
[2025-02-22T18:05:06.122+0000] {processor.py:830} INFO - Processing file /home/airflow/.local/lib/python3.8/site-packages/airflow/example_dags/example_branch_operator.py for tasks to queue
[2025-02-22T18:05:06.123+0000] {logging_mixin.py:188} INFO - [2025-02-22T18:05:06.123+0000] {dagbag.py:538} INFO - Filling up the DagBag from /home/airflow/.local/lib/python3.8/site-packages/airflow/example_dags/example_branch_operator.py
[2025-02-22T18:05:06.134+0000] {processor.py:840} INFO - DAG(s) 'example_branch_operator' retrieved from /home/airflow/.local/lib/python3.8/site-packages/airflow/example_dags/example_branch_operator.py
[2025-02-22T18:05:06.150+0000] {logging_mixin.py:188} INFO - [2025-02-22T18:05:06.150+0000] {dag.py:3033} INFO - Sync 1 DAGs
[2025-02-22T18:05:06.163+0000] {logging_mixin.py:188} INFO - [2025-02-22T18:05:06.163+0000] {dag.py:3820} INFO - Setting next_dagrun for example_branch_operator to 2025-02-21T00:00:00+00:00, run_after=2025-02-22T00:00:00+00:00
[2025-02-22T18:05:06.176+0000] {processor.py:183} INFO - Processing /home/airflow/.local/lib/python3.8/site-packages/airflow/example_dags/example_branch_operator.py took 0.057 seconds
