[2025-02-22T18:03:35.201+0000] {processor.py:161} INFO - Started process (PID=67) to work on /home/airflow/.local/lib/python3.8/site-packages/airflow/example_dags/example_short_circuit_operator.py
[2025-02-22T18:03:35.202+0000] {processor.py:830} INFO - Processing file /home/airflow/.local/lib/python3.8/site-packages/airflow/example_dags/example_short_circuit_operator.py for tasks to queue
[2025-02-22T18:03:35.204+0000] {logging_mixin.py:188} INFO - [2025-02-22T18:03:35.203+0000] {dagbag.py:538} INFO - Filling up the DagBag from /home/airflow/.local/lib/python3.8/site-packages/airflow/example_dags/example_short_circuit_operator.py
[2025-02-22T18:03:35.212+0000] {processor.py:840} INFO - DAG(s) 'example_short_circuit_operator' retrieved from /home/airflow/.local/lib/python3.8/site-packages/airflow/example_dags/example_short_circuit_operator.py
[2025-02-22T18:03:35.224+0000] {logging_mixin.py:188} INFO - [2025-02-22T18:03:35.223+0000] {dag.py:3033} INFO - Sync 1 DAGs
[2025-02-22T18:03:35.240+0000] {logging_mixin.py:188} INFO - [2025-02-22T18:03:35.240+0000] {dag.py:3820} INFO - Setting next_dagrun for example_short_circuit_operator to 2025-02-21T00:00:00+00:00, run_after=2025-02-22T00:00:00+00:00
[2025-02-22T18:03:35.255+0000] {processor.py:183} INFO - Processing /home/airflow/.local/lib/python3.8/site-packages/airflow/example_dags/example_short_circuit_operator.py took 0.057 seconds
[2025-02-22T18:04:06.194+0000] {processor.py:161} INFO - Started process (PID=122) to work on /home/airflow/.local/lib/python3.8/site-packages/airflow/example_dags/example_short_circuit_operator.py
[2025-02-22T18:04:06.195+0000] {processor.py:830} INFO - Processing file /home/airflow/.local/lib/python3.8/site-packages/airflow/example_dags/example_short_circuit_operator.py for tasks to queue
[2025-02-22T18:04:06.197+0000] {logging_mixin.py:188} INFO - [2025-02-22T18:04:06.197+0000] {dagbag.py:538} INFO - Filling up the DagBag from /home/airflow/.local/lib/python3.8/site-packages/airflow/example_dags/example_short_circuit_operator.py
[2025-02-22T18:04:06.201+0000] {processor.py:840} INFO - DAG(s) 'example_short_circuit_operator' retrieved from /home/airflow/.local/lib/python3.8/site-packages/airflow/example_dags/example_short_circuit_operator.py
[2025-02-22T18:04:06.265+0000] {logging_mixin.py:188} INFO - [2025-02-22T18:04:06.265+0000] {dag.py:3033} INFO - Sync 1 DAGs
[2025-02-22T18:04:06.277+0000] {logging_mixin.py:188} INFO - [2025-02-22T18:04:06.277+0000] {dag.py:3820} INFO - Setting next_dagrun for example_short_circuit_operator to 2025-02-21T00:00:00+00:00, run_after=2025-02-22T00:00:00+00:00
[2025-02-22T18:04:06.290+0000] {processor.py:183} INFO - Processing /home/airflow/.local/lib/python3.8/site-packages/airflow/example_dags/example_short_circuit_operator.py took 0.098 seconds
[2025-02-22T18:04:37.033+0000] {processor.py:161} INFO - Started process (PID=177) to work on /home/airflow/.local/lib/python3.8/site-packages/airflow/example_dags/example_short_circuit_operator.py
[2025-02-22T18:04:37.034+0000] {processor.py:830} INFO - Processing file /home/airflow/.local/lib/python3.8/site-packages/airflow/example_dags/example_short_circuit_operator.py for tasks to queue
[2025-02-22T18:04:37.035+0000] {logging_mixin.py:188} INFO - [2025-02-22T18:04:37.035+0000] {dagbag.py:538} INFO - Filling up the DagBag from /home/airflow/.local/lib/python3.8/site-packages/airflow/example_dags/example_short_circuit_operator.py
[2025-02-22T18:04:37.039+0000] {processor.py:840} INFO - DAG(s) 'example_short_circuit_operator' retrieved from /home/airflow/.local/lib/python3.8/site-packages/airflow/example_dags/example_short_circuit_operator.py
[2025-02-22T18:04:37.053+0000] {logging_mixin.py:188} INFO - [2025-02-22T18:04:37.053+0000] {dag.py:3033} INFO - Sync 1 DAGs
[2025-02-22T18:04:37.065+0000] {logging_mixin.py:188} INFO - [2025-02-22T18:04:37.064+0000] {dag.py:3820} INFO - Setting next_dagrun for example_short_circuit_operator to 2025-02-21T00:00:00+00:00, run_after=2025-02-22T00:00:00+00:00
[2025-02-22T18:04:37.076+0000] {processor.py:183} INFO - Processing /home/airflow/.local/lib/python3.8/site-packages/airflow/example_dags/example_short_circuit_operator.py took 0.045 seconds
[2025-02-22T18:05:07.376+0000] {processor.py:161} INFO - Started process (PID=226) to work on /home/airflow/.local/lib/python3.8/site-packages/airflow/example_dags/example_short_circuit_operator.py
[2025-02-22T18:05:07.376+0000] {processor.py:830} INFO - Processing file /home/airflow/.local/lib/python3.8/site-packages/airflow/example_dags/example_short_circuit_operator.py for tasks to queue
[2025-02-22T18:05:07.378+0000] {logging_mixin.py:188} INFO - [2025-02-22T18:05:07.377+0000] {dagbag.py:538} INFO - Filling up the DagBag from /home/airflow/.local/lib/python3.8/site-packages/airflow/example_dags/example_short_circuit_operator.py
[2025-02-22T18:05:07.382+0000] {processor.py:840} INFO - DAG(s) 'example_short_circuit_operator' retrieved from /home/airflow/.local/lib/python3.8/site-packages/airflow/example_dags/example_short_circuit_operator.py
[2025-02-22T18:05:07.395+0000] {logging_mixin.py:188} INFO - [2025-02-22T18:05:07.395+0000] {dag.py:3033} INFO - Sync 1 DAGs
[2025-02-22T18:05:07.406+0000] {logging_mixin.py:188} INFO - [2025-02-22T18:05:07.406+0000] {dag.py:3820} INFO - Setting next_dagrun for example_short_circuit_operator to 2025-02-21T00:00:00+00:00, run_after=2025-02-22T00:00:00+00:00
[2025-02-22T18:05:07.417+0000] {processor.py:183} INFO - Processing /home/airflow/.local/lib/python3.8/site-packages/airflow/example_dags/example_short_circuit_operator.py took 0.043 seconds
