[2025-02-22T18:03:35.568+0000] {processor.py:161} INFO - Started process (PID=74) to work on /home/airflow/.local/lib/python3.8/site-packages/airflow/example_dags/example_branch_datetime_operator.py
[2025-02-22T18:03:35.569+0000] {processor.py:830} INFO - Processing file /home/airflow/.local/lib/python3.8/site-packages/airflow/example_dags/example_branch_datetime_operator.py for tasks to queue
[2025-02-22T18:03:35.573+0000] {logging_mixin.py:188} INFO - [2025-02-22T18:03:35.572+0000] {dagbag.py:538} INFO - Filling up the DagBag from /home/airflow/.local/lib/python3.8/site-packages/airflow/example_dags/example_branch_datetime_operator.py
[2025-02-22T18:03:35.586+0000] {processor.py:840} INFO - DAG(s) 'example_branch_datetime_operator_3', 'example_branch_datetime_operator_2', 'example_branch_datetime_operator' retrieved from /home/airflow/.local/lib/python3.8/site-packages/airflow/example_dags/example_branch_datetime_operator.py
[2025-02-22T18:03:35.596+0000] {logging_mixin.py:188} INFO - [2025-02-22T18:03:35.596+0000] {dag.py:3033} INFO - Sync 3 DAGs
[2025-02-22T18:03:35.619+0000] {logging_mixin.py:188} INFO - [2025-02-22T18:03:35.619+0000] {dag.py:3820} INFO - Setting next_dagrun for example_branch_datetime_operator to 2025-02-21T00:00:00+00:00, run_after=2025-02-22T00:00:00+00:00
[2025-02-22T18:03:35.623+0000] {logging_mixin.py:188} INFO - [2025-02-22T18:03:35.623+0000] {dag.py:3820} INFO - Setting next_dagrun for example_branch_datetime_operator_2 to 2025-02-21T00:00:00+00:00, run_after=2025-02-22T00:00:00+00:00
[2025-02-22T18:03:35.625+0000] {logging_mixin.py:188} INFO - [2025-02-22T18:03:35.625+0000] {dag.py:3820} INFO - Setting next_dagrun for example_branch_datetime_operator_3 to 2025-02-21T00:00:00+00:00, run_after=2025-02-22T00:00:00+00:00
[2025-02-22T18:03:35.639+0000] {processor.py:183} INFO - Processing /home/airflow/.local/lib/python3.8/site-packages/airflow/example_dags/example_branch_datetime_operator.py took 0.077 seconds
[2025-02-22T18:04:06.578+0000] {processor.py:161} INFO - Started process (PID=129) to work on /home/airflow/.local/lib/python3.8/site-packages/airflow/example_dags/example_branch_datetime_operator.py
[2025-02-22T18:04:06.579+0000] {processor.py:830} INFO - Processing file /home/airflow/.local/lib/python3.8/site-packages/airflow/example_dags/example_branch_datetime_operator.py for tasks to queue
[2025-02-22T18:04:06.581+0000] {logging_mixin.py:188} INFO - [2025-02-22T18:04:06.581+0000] {dagbag.py:538} INFO - Filling up the DagBag from /home/airflow/.local/lib/python3.8/site-packages/airflow/example_dags/example_branch_datetime_operator.py
[2025-02-22T18:04:06.587+0000] {processor.py:840} INFO - DAG(s) 'example_branch_datetime_operator_3', 'example_branch_datetime_operator', 'example_branch_datetime_operator_2' retrieved from /home/airflow/.local/lib/python3.8/site-packages/airflow/example_dags/example_branch_datetime_operator.py
[2025-02-22T18:04:06.660+0000] {logging_mixin.py:188} INFO - [2025-02-22T18:04:06.660+0000] {dag.py:3033} INFO - Sync 3 DAGs
[2025-02-22T18:04:06.672+0000] {logging_mixin.py:188} INFO - [2025-02-22T18:04:06.672+0000] {dag.py:3820} INFO - Setting next_dagrun for example_branch_datetime_operator to 2025-02-21T00:00:00+00:00, run_after=2025-02-22T00:00:00+00:00
[2025-02-22T18:04:06.674+0000] {logging_mixin.py:188} INFO - [2025-02-22T18:04:06.674+0000] {dag.py:3820} INFO - Setting next_dagrun for example_branch_datetime_operator_2 to 2025-02-21T00:00:00+00:00, run_after=2025-02-22T00:00:00+00:00
[2025-02-22T18:04:06.676+0000] {logging_mixin.py:188} INFO - [2025-02-22T18:04:06.676+0000] {dag.py:3820} INFO - Setting next_dagrun for example_branch_datetime_operator_3 to 2025-02-21T00:00:00+00:00, run_after=2025-02-22T00:00:00+00:00
[2025-02-22T18:04:06.688+0000] {processor.py:183} INFO - Processing /home/airflow/.local/lib/python3.8/site-packages/airflow/example_dags/example_branch_datetime_operator.py took 0.112 seconds
[2025-02-22T18:04:37.388+0000] {processor.py:161} INFO - Started process (PID=184) to work on /home/airflow/.local/lib/python3.8/site-packages/airflow/example_dags/example_branch_datetime_operator.py
[2025-02-22T18:04:37.389+0000] {processor.py:830} INFO - Processing file /home/airflow/.local/lib/python3.8/site-packages/airflow/example_dags/example_branch_datetime_operator.py for tasks to queue
[2025-02-22T18:04:37.390+0000] {logging_mixin.py:188} INFO - [2025-02-22T18:04:37.390+0000] {dagbag.py:538} INFO - Filling up the DagBag from /home/airflow/.local/lib/python3.8/site-packages/airflow/example_dags/example_branch_datetime_operator.py
[2025-02-22T18:04:37.395+0000] {processor.py:840} INFO - DAG(s) 'example_branch_datetime_operator_2', 'example_branch_datetime_operator', 'example_branch_datetime_operator_3' retrieved from /home/airflow/.local/lib/python3.8/site-packages/airflow/example_dags/example_branch_datetime_operator.py
[2025-02-22T18:04:37.412+0000] {logging_mixin.py:188} INFO - [2025-02-22T18:04:37.412+0000] {dag.py:3033} INFO - Sync 3 DAGs
[2025-02-22T18:04:37.429+0000] {logging_mixin.py:188} INFO - [2025-02-22T18:04:37.429+0000] {dag.py:3820} INFO - Setting next_dagrun for example_branch_datetime_operator to 2025-02-21T00:00:00+00:00, run_after=2025-02-22T00:00:00+00:00
[2025-02-22T18:04:37.433+0000] {logging_mixin.py:188} INFO - [2025-02-22T18:04:37.433+0000] {dag.py:3820} INFO - Setting next_dagrun for example_branch_datetime_operator_2 to 2025-02-21T00:00:00+00:00, run_after=2025-02-22T00:00:00+00:00
[2025-02-22T18:04:37.435+0000] {logging_mixin.py:188} INFO - [2025-02-22T18:04:37.435+0000] {dag.py:3820} INFO - Setting next_dagrun for example_branch_datetime_operator_3 to 2025-02-21T00:00:00+00:00, run_after=2025-02-22T00:00:00+00:00
[2025-02-22T18:04:37.445+0000] {processor.py:183} INFO - Processing /home/airflow/.local/lib/python3.8/site-packages/airflow/example_dags/example_branch_datetime_operator.py took 0.059 seconds
[2025-02-22T18:05:07.767+0000] {processor.py:161} INFO - Started process (PID=233) to work on /home/airflow/.local/lib/python3.8/site-packages/airflow/example_dags/example_branch_datetime_operator.py
[2025-02-22T18:05:07.768+0000] {processor.py:830} INFO - Processing file /home/airflow/.local/lib/python3.8/site-packages/airflow/example_dags/example_branch_datetime_operator.py for tasks to queue
[2025-02-22T18:05:07.769+0000] {logging_mixin.py:188} INFO - [2025-02-22T18:05:07.769+0000] {dagbag.py:538} INFO - Filling up the DagBag from /home/airflow/.local/lib/python3.8/site-packages/airflow/example_dags/example_branch_datetime_operator.py
[2025-02-22T18:05:07.774+0000] {processor.py:840} INFO - DAG(s) 'example_branch_datetime_operator_2', 'example_branch_datetime_operator_3', 'example_branch_datetime_operator' retrieved from /home/airflow/.local/lib/python3.8/site-packages/airflow/example_dags/example_branch_datetime_operator.py
[2025-02-22T18:05:07.790+0000] {logging_mixin.py:188} INFO - [2025-02-22T18:05:07.790+0000] {dag.py:3033} INFO - Sync 3 DAGs
[2025-02-22T18:05:07.804+0000] {logging_mixin.py:188} INFO - [2025-02-22T18:05:07.803+0000] {dag.py:3820} INFO - Setting next_dagrun for example_branch_datetime_operator to 2025-02-21T00:00:00+00:00, run_after=2025-02-22T00:00:00+00:00
[2025-02-22T18:05:07.806+0000] {logging_mixin.py:188} INFO - [2025-02-22T18:05:07.806+0000] {dag.py:3820} INFO - Setting next_dagrun for example_branch_datetime_operator_2 to 2025-02-21T00:00:00+00:00, run_after=2025-02-22T00:00:00+00:00
[2025-02-22T18:05:07.807+0000] {logging_mixin.py:188} INFO - [2025-02-22T18:05:07.807+0000] {dag.py:3820} INFO - Setting next_dagrun for example_branch_datetime_operator_3 to 2025-02-21T00:00:00+00:00, run_after=2025-02-22T00:00:00+00:00
[2025-02-22T18:05:07.818+0000] {processor.py:183} INFO - Processing /home/airflow/.local/lib/python3.8/site-packages/airflow/example_dags/example_branch_datetime_operator.py took 0.053 seconds
