[2025-02-22T18:03:34.891+0000] {processor.py:161} INFO - Started process (PID=54) to work on /home/airflow/.local/lib/python3.8/site-packages/airflow/example_dags/example_complex.py
[2025-02-22T18:03:34.891+0000] {processor.py:830} INFO - Processing file /home/airflow/.local/lib/python3.8/site-packages/airflow/example_dags/example_complex.py for tasks to queue
[2025-02-22T18:03:34.892+0000] {logging_mixin.py:188} INFO - [2025-02-22T18:03:34.892+0000] {dagbag.py:538} INFO - Filling up the DagBag from /home/airflow/.local/lib/python3.8/site-packages/airflow/example_dags/example_complex.py
[2025-02-22T18:03:34.901+0000] {processor.py:840} INFO - DAG(s) 'example_complex' retrieved from /home/airflow/.local/lib/python3.8/site-packages/airflow/example_dags/example_complex.py
[2025-02-22T18:03:34.909+0000] {logging_mixin.py:188} INFO - [2025-02-22T18:03:34.909+0000] {dag.py:3033} INFO - Sync 1 DAGs
[2025-02-22T18:03:34.921+0000] {logging_mixin.py:188} INFO - [2025-02-22T18:03:34.921+0000] {dag.py:3820} INFO - Setting next_dagrun for example_complex to None, run_after=None
[2025-02-22T18:03:34.938+0000] {processor.py:183} INFO - Processing /home/airflow/.local/lib/python3.8/site-packages/airflow/example_dags/example_complex.py took 0.050 seconds
[2025-02-22T18:04:05.655+0000] {processor.py:161} INFO - Started process (PID=109) to work on /home/airflow/.local/lib/python3.8/site-packages/airflow/example_dags/example_complex.py
[2025-02-22T18:04:05.656+0000] {processor.py:830} INFO - Processing file /home/airflow/.local/lib/python3.8/site-packages/airflow/example_dags/example_complex.py for tasks to queue
[2025-02-22T18:04:05.657+0000] {logging_mixin.py:188} INFO - [2025-02-22T18:04:05.657+0000] {dagbag.py:538} INFO - Filling up the DagBag from /home/airflow/.local/lib/python3.8/site-packages/airflow/example_dags/example_complex.py
[2025-02-22T18:04:05.664+0000] {processor.py:840} INFO - DAG(s) 'example_complex' retrieved from /home/airflow/.local/lib/python3.8/site-packages/airflow/example_dags/example_complex.py
[2025-02-22T18:04:05.730+0000] {logging_mixin.py:188} INFO - [2025-02-22T18:04:05.730+0000] {dag.py:3033} INFO - Sync 1 DAGs
[2025-02-22T18:04:05.736+0000] {logging_mixin.py:188} INFO - [2025-02-22T18:04:05.736+0000] {dag.py:3820} INFO - Setting next_dagrun for example_complex to None, run_after=None
[2025-02-22T18:04:05.750+0000] {processor.py:183} INFO - Processing /home/airflow/.local/lib/python3.8/site-packages/airflow/example_dags/example_complex.py took 0.097 seconds
[2025-02-22T18:04:35.862+0000] {processor.py:161} INFO - Started process (PID=164) to work on /home/airflow/.local/lib/python3.8/site-packages/airflow/example_dags/example_complex.py
[2025-02-22T18:04:35.863+0000] {processor.py:830} INFO - Processing file /home/airflow/.local/lib/python3.8/site-packages/airflow/example_dags/example_complex.py for tasks to queue
[2025-02-22T18:04:35.864+0000] {logging_mixin.py:188} INFO - [2025-02-22T18:04:35.864+0000] {dagbag.py:538} INFO - Filling up the DagBag from /home/airflow/.local/lib/python3.8/site-packages/airflow/example_dags/example_complex.py
[2025-02-22T18:04:35.870+0000] {processor.py:840} INFO - DAG(s) 'example_complex' retrieved from /home/airflow/.local/lib/python3.8/site-packages/airflow/example_dags/example_complex.py
[2025-02-22T18:04:35.889+0000] {logging_mixin.py:188} INFO - [2025-02-22T18:04:35.889+0000] {dag.py:3033} INFO - Sync 1 DAGs
[2025-02-22T18:04:35.897+0000] {logging_mixin.py:188} INFO - [2025-02-22T18:04:35.896+0000] {dag.py:3820} INFO - Setting next_dagrun for example_complex to None, run_after=None
[2025-02-22T18:04:35.908+0000] {processor.py:183} INFO - Processing /home/airflow/.local/lib/python3.8/site-packages/airflow/example_dags/example_complex.py took 0.047 seconds
[2025-02-22T18:05:06.192+0000] {processor.py:161} INFO - Started process (PID=219) to work on /home/airflow/.local/lib/python3.8/site-packages/airflow/example_dags/example_complex.py
[2025-02-22T18:05:06.193+0000] {processor.py:830} INFO - Processing file /home/airflow/.local/lib/python3.8/site-packages/airflow/example_dags/example_complex.py for tasks to queue
[2025-02-22T18:05:06.195+0000] {logging_mixin.py:188} INFO - [2025-02-22T18:05:06.194+0000] {dagbag.py:538} INFO - Filling up the DagBag from /home/airflow/.local/lib/python3.8/site-packages/airflow/example_dags/example_complex.py
[2025-02-22T18:05:06.201+0000] {processor.py:840} INFO - DAG(s) 'example_complex' retrieved from /home/airflow/.local/lib/python3.8/site-packages/airflow/example_dags/example_complex.py
[2025-02-22T18:05:06.220+0000] {logging_mixin.py:188} INFO - [2025-02-22T18:05:06.220+0000] {dag.py:3033} INFO - Sync 1 DAGs
[2025-02-22T18:05:06.227+0000] {logging_mixin.py:188} INFO - [2025-02-22T18:05:06.227+0000] {dag.py:3820} INFO - Setting next_dagrun for example_complex to None, run_after=None
[2025-02-22T18:05:06.238+0000] {processor.py:183} INFO - Processing /home/airflow/.local/lib/python3.8/site-packages/airflow/example_dags/example_complex.py took 0.048 seconds
