[2025-02-22T18:03:35.602+0000] {processor.py:161} INFO - Started process (PID=75) to work on /home/airflow/.local/lib/python3.8/site-packages/airflow/example_dags/example_kubernetes_executor.py
[2025-02-22T18:03:35.603+0000] {processor.py:830} INFO - Processing file /home/airflow/.local/lib/python3.8/site-packages/airflow/example_dags/example_kubernetes_executor.py for tasks to queue
[2025-02-22T18:03:35.604+0000] {logging_mixin.py:188} INFO - [2025-02-22T18:03:35.604+0000] {dagbag.py:538} INFO - Filling up the DagBag from /home/airflow/.local/lib/python3.8/site-packages/airflow/example_dags/example_kubernetes_executor.py
[2025-02-22T18:03:35.622+0000] {processor.py:840} INFO - DAG(s) 'example_kubernetes_executor' retrieved from /home/airflow/.local/lib/python3.8/site-packages/airflow/example_dags/example_kubernetes_executor.py
[2025-02-22T18:03:35.634+0000] {logging_mixin.py:188} INFO - [2025-02-22T18:03:35.634+0000] {dag.py:3033} INFO - Sync 1 DAGs
[2025-02-22T18:03:35.645+0000] {logging_mixin.py:188} INFO - [2025-02-22T18:03:35.645+0000] {dag.py:3820} INFO - Setting next_dagrun for example_kubernetes_executor to None, run_after=None
[2025-02-22T18:03:35.659+0000] {processor.py:183} INFO - Processing /home/airflow/.local/lib/python3.8/site-packages/airflow/example_dags/example_kubernetes_executor.py took 0.059 seconds
[2025-02-22T18:04:06.640+0000] {processor.py:161} INFO - Started process (PID=130) to work on /home/airflow/.local/lib/python3.8/site-packages/airflow/example_dags/example_kubernetes_executor.py
[2025-02-22T18:04:06.641+0000] {processor.py:830} INFO - Processing file /home/airflow/.local/lib/python3.8/site-packages/airflow/example_dags/example_kubernetes_executor.py for tasks to queue
[2025-02-22T18:04:06.642+0000] {logging_mixin.py:188} INFO - [2025-02-22T18:04:06.642+0000] {dagbag.py:538} INFO - Filling up the DagBag from /home/airflow/.local/lib/python3.8/site-packages/airflow/example_dags/example_kubernetes_executor.py
[2025-02-22T18:04:06.651+0000] {processor.py:840} INFO - DAG(s) 'example_kubernetes_executor' retrieved from /home/airflow/.local/lib/python3.8/site-packages/airflow/example_dags/example_kubernetes_executor.py
[2025-02-22T18:04:06.722+0000] {logging_mixin.py:188} INFO - [2025-02-22T18:04:06.722+0000] {dag.py:3033} INFO - Sync 1 DAGs
[2025-02-22T18:04:06.728+0000] {logging_mixin.py:188} INFO - [2025-02-22T18:04:06.728+0000] {dag.py:3820} INFO - Setting next_dagrun for example_kubernetes_executor to None, run_after=None
[2025-02-22T18:04:06.741+0000] {processor.py:183} INFO - Processing /home/airflow/.local/lib/python3.8/site-packages/airflow/example_dags/example_kubernetes_executor.py took 0.103 seconds
[2025-02-22T18:04:37.459+0000] {processor.py:161} INFO - Started process (PID=185) to work on /home/airflow/.local/lib/python3.8/site-packages/airflow/example_dags/example_kubernetes_executor.py
[2025-02-22T18:04:37.460+0000] {processor.py:830} INFO - Processing file /home/airflow/.local/lib/python3.8/site-packages/airflow/example_dags/example_kubernetes_executor.py for tasks to queue
[2025-02-22T18:04:37.462+0000] {logging_mixin.py:188} INFO - [2025-02-22T18:04:37.461+0000] {dagbag.py:538} INFO - Filling up the DagBag from /home/airflow/.local/lib/python3.8/site-packages/airflow/example_dags/example_kubernetes_executor.py
[2025-02-22T18:04:37.471+0000] {processor.py:840} INFO - DAG(s) 'example_kubernetes_executor' retrieved from /home/airflow/.local/lib/python3.8/site-packages/airflow/example_dags/example_kubernetes_executor.py
[2025-02-22T18:04:37.494+0000] {logging_mixin.py:188} INFO - [2025-02-22T18:04:37.494+0000] {dag.py:3033} INFO - Sync 1 DAGs
[2025-02-22T18:04:37.503+0000] {logging_mixin.py:188} INFO - [2025-02-22T18:04:37.503+0000] {dag.py:3820} INFO - Setting next_dagrun for example_kubernetes_executor to None, run_after=None
[2025-02-22T18:04:37.514+0000] {processor.py:183} INFO - Processing /home/airflow/.local/lib/python3.8/site-packages/airflow/example_dags/example_kubernetes_executor.py took 0.057 seconds
[2025-02-22T18:05:07.785+0000] {processor.py:161} INFO - Started process (PID=234) to work on /home/airflow/.local/lib/python3.8/site-packages/airflow/example_dags/example_kubernetes_executor.py
[2025-02-22T18:05:07.786+0000] {processor.py:830} INFO - Processing file /home/airflow/.local/lib/python3.8/site-packages/airflow/example_dags/example_kubernetes_executor.py for tasks to queue
[2025-02-22T18:05:07.788+0000] {logging_mixin.py:188} INFO - [2025-02-22T18:05:07.788+0000] {dagbag.py:538} INFO - Filling up the DagBag from /home/airflow/.local/lib/python3.8/site-packages/airflow/example_dags/example_kubernetes_executor.py
[2025-02-22T18:05:07.795+0000] {processor.py:840} INFO - DAG(s) 'example_kubernetes_executor' retrieved from /home/airflow/.local/lib/python3.8/site-packages/airflow/example_dags/example_kubernetes_executor.py
[2025-02-22T18:05:07.817+0000] {logging_mixin.py:188} INFO - [2025-02-22T18:05:07.817+0000] {dag.py:3033} INFO - Sync 1 DAGs
[2025-02-22T18:05:07.825+0000] {logging_mixin.py:188} INFO - [2025-02-22T18:05:07.825+0000] {dag.py:3820} INFO - Setting next_dagrun for example_kubernetes_executor to None, run_after=None
[2025-02-22T18:05:07.836+0000] {processor.py:183} INFO - Processing /home/airflow/.local/lib/python3.8/site-packages/airflow/example_dags/example_kubernetes_executor.py took 0.053 seconds
