[2025-02-22T18:03:34.518+0000] {processor.py:161} INFO - Started process (PID=45) to work on /home/airflow/.local/lib/python3.8/site-packages/airflow/example_dags/example_latest_only_with_trigger.py
[2025-02-22T18:03:34.519+0000] {processor.py:830} INFO - Processing file /home/airflow/.local/lib/python3.8/site-packages/airflow/example_dags/example_latest_only_with_trigger.py for tasks to queue
[2025-02-22T18:03:34.522+0000] {logging_mixin.py:188} INFO - [2025-02-22T18:03:34.521+0000] {dagbag.py:538} INFO - Filling up the DagBag from /home/airflow/.local/lib/python3.8/site-packages/airflow/example_dags/example_latest_only_with_trigger.py
[2025-02-22T18:03:34.537+0000] {processor.py:840} INFO - DAG(s) 'latest_only_with_trigger' retrieved from /home/airflow/.local/lib/python3.8/site-packages/airflow/example_dags/example_latest_only_with_trigger.py
[2025-02-22T18:03:34.559+0000] {logging_mixin.py:188} INFO - [2025-02-22T18:03:34.559+0000] {dag.py:3033} INFO - Sync 1 DAGs
[2025-02-22T18:03:34.578+0000] {logging_mixin.py:188} INFO - [2025-02-22T18:03:34.578+0000] {dag.py:3820} INFO - Setting next_dagrun for latest_only_with_trigger to 2025-02-22T12:00:00+00:00, run_after=2025-02-22T16:00:00+00:00
[2025-02-22T18:03:34.595+0000] {processor.py:183} INFO - Processing /home/airflow/.local/lib/python3.8/site-packages/airflow/example_dags/example_latest_only_with_trigger.py took 0.080 seconds
[2025-02-22T18:04:05.051+0000] {processor.py:161} INFO - Started process (PID=100) to work on /home/airflow/.local/lib/python3.8/site-packages/airflow/example_dags/example_latest_only_with_trigger.py
[2025-02-22T18:04:05.061+0000] {processor.py:830} INFO - Processing file /home/airflow/.local/lib/python3.8/site-packages/airflow/example_dags/example_latest_only_with_trigger.py for tasks to queue
[2025-02-22T18:04:05.062+0000] {logging_mixin.py:188} INFO - [2025-02-22T18:04:05.062+0000] {dagbag.py:538} INFO - Filling up the DagBag from /home/airflow/.local/lib/python3.8/site-packages/airflow/example_dags/example_latest_only_with_trigger.py
[2025-02-22T18:04:05.066+0000] {processor.py:840} INFO - DAG(s) 'latest_only_with_trigger' retrieved from /home/airflow/.local/lib/python3.8/site-packages/airflow/example_dags/example_latest_only_with_trigger.py
[2025-02-22T18:04:05.180+0000] {logging_mixin.py:188} INFO - [2025-02-22T18:04:05.180+0000] {dag.py:3033} INFO - Sync 1 DAGs
[2025-02-22T18:04:05.193+0000] {logging_mixin.py:188} INFO - [2025-02-22T18:04:05.193+0000] {dag.py:3820} INFO - Setting next_dagrun for latest_only_with_trigger to 2025-02-22T12:00:00+00:00, run_after=2025-02-22T16:00:00+00:00
[2025-02-22T18:04:05.207+0000] {processor.py:183} INFO - Processing /home/airflow/.local/lib/python3.8/site-packages/airflow/example_dags/example_latest_only_with_trigger.py took 0.158 seconds
[2025-02-22T18:04:35.560+0000] {processor.py:161} INFO - Started process (PID=155) to work on /home/airflow/.local/lib/python3.8/site-packages/airflow/example_dags/example_latest_only_with_trigger.py
[2025-02-22T18:04:35.561+0000] {processor.py:830} INFO - Processing file /home/airflow/.local/lib/python3.8/site-packages/airflow/example_dags/example_latest_only_with_trigger.py for tasks to queue
[2025-02-22T18:04:35.563+0000] {logging_mixin.py:188} INFO - [2025-02-22T18:04:35.563+0000] {dagbag.py:538} INFO - Filling up the DagBag from /home/airflow/.local/lib/python3.8/site-packages/airflow/example_dags/example_latest_only_with_trigger.py
[2025-02-22T18:04:35.568+0000] {processor.py:840} INFO - DAG(s) 'latest_only_with_trigger' retrieved from /home/airflow/.local/lib/python3.8/site-packages/airflow/example_dags/example_latest_only_with_trigger.py
[2025-02-22T18:04:35.584+0000] {logging_mixin.py:188} INFO - [2025-02-22T18:04:35.584+0000] {dag.py:3033} INFO - Sync 1 DAGs
[2025-02-22T18:04:35.599+0000] {logging_mixin.py:188} INFO - [2025-02-22T18:04:35.599+0000] {dag.py:3820} INFO - Setting next_dagrun for latest_only_with_trigger to 2025-02-22T12:00:00+00:00, run_after=2025-02-22T16:00:00+00:00
[2025-02-22T18:04:35.611+0000] {processor.py:183} INFO - Processing /home/airflow/.local/lib/python3.8/site-packages/airflow/example_dags/example_latest_only_with_trigger.py took 0.053 seconds
[2025-02-22T18:05:05.873+0000] {processor.py:161} INFO - Started process (PID=210) to work on /home/airflow/.local/lib/python3.8/site-packages/airflow/example_dags/example_latest_only_with_trigger.py
[2025-02-22T18:05:05.883+0000] {processor.py:830} INFO - Processing file /home/airflow/.local/lib/python3.8/site-packages/airflow/example_dags/example_latest_only_with_trigger.py for tasks to queue
[2025-02-22T18:05:05.885+0000] {logging_mixin.py:188} INFO - [2025-02-22T18:05:05.885+0000] {dagbag.py:538} INFO - Filling up the DagBag from /home/airflow/.local/lib/python3.8/site-packages/airflow/example_dags/example_latest_only_with_trigger.py
[2025-02-22T18:05:05.889+0000] {processor.py:840} INFO - DAG(s) 'latest_only_with_trigger' retrieved from /home/airflow/.local/lib/python3.8/site-packages/airflow/example_dags/example_latest_only_with_trigger.py
[2025-02-22T18:05:05.904+0000] {logging_mixin.py:188} INFO - [2025-02-22T18:05:05.904+0000] {dag.py:3033} INFO - Sync 1 DAGs
[2025-02-22T18:05:05.918+0000] {logging_mixin.py:188} INFO - [2025-02-22T18:05:05.917+0000] {dag.py:3820} INFO - Setting next_dagrun for latest_only_with_trigger to 2025-02-22T12:00:00+00:00, run_after=2025-02-22T16:00:00+00:00
[2025-02-22T18:05:05.935+0000] {processor.py:183} INFO - Processing /home/airflow/.local/lib/python3.8/site-packages/airflow/example_dags/example_latest_only_with_trigger.py took 0.064 seconds
