[2025-02-22T18:03:36.245+0000] {processor.py:161} INFO - Started process (PID=92) to work on /home/airflow/.local/lib/python3.8/site-packages/airflow/example_dags/example_datasets.py
[2025-02-22T18:03:36.246+0000] {processor.py:830} INFO - Processing file /home/airflow/.local/lib/python3.8/site-packages/airflow/example_dags/example_datasets.py for tasks to queue
[2025-02-22T18:03:36.247+0000] {logging_mixin.py:188} INFO - [2025-02-22T18:03:36.247+0000] {dagbag.py:538} INFO - Filling up the DagBag from /home/airflow/.local/lib/python3.8/site-packages/airflow/example_dags/example_datasets.py
[2025-02-22T18:03:36.254+0000] {processor.py:840} INFO - DAG(s) 'dataset_consumes_1', 'dataset_produces_1', 'dataset_consumes_unknown_never_scheduled', 'dataset_consumes_1_and_2', 'dataset_consumes_1_never_scheduled', 'dataset_produces_2' retrieved from /home/airflow/.local/lib/python3.8/site-packages/airflow/example_dags/example_datasets.py
[2025-02-22T18:03:36.266+0000] {logging_mixin.py:188} INFO - [2025-02-22T18:03:36.266+0000] {dag.py:3033} INFO - Sync 6 DAGs
[2025-02-22T18:03:36.283+0000] {logging_mixin.py:188} INFO - [2025-02-22T18:03:36.282+0000] {dag.py:3820} INFO - Setting next_dagrun for dataset_consumes_1 to None, run_after=None
[2025-02-22T18:03:36.285+0000] {logging_mixin.py:188} INFO - [2025-02-22T18:03:36.285+0000] {dag.py:3820} INFO - Setting next_dagrun for dataset_consumes_1_and_2 to None, run_after=None
[2025-02-22T18:03:36.286+0000] {logging_mixin.py:188} INFO - [2025-02-22T18:03:36.286+0000] {dag.py:3820} INFO - Setting next_dagrun for dataset_consumes_1_never_scheduled to None, run_after=None
[2025-02-22T18:03:36.286+0000] {logging_mixin.py:188} INFO - [2025-02-22T18:03:36.286+0000] {dag.py:3820} INFO - Setting next_dagrun for dataset_consumes_unknown_never_scheduled to None, run_after=None
[2025-02-22T18:03:36.288+0000] {logging_mixin.py:188} INFO - [2025-02-22T18:03:36.288+0000] {dag.py:3820} INFO - Setting next_dagrun for dataset_produces_1 to 2025-02-21T00:00:00+00:00, run_after=2025-02-22T00:00:00+00:00
[2025-02-22T18:03:36.289+0000] {logging_mixin.py:188} INFO - [2025-02-22T18:03:36.289+0000] {dag.py:3820} INFO - Setting next_dagrun for dataset_produces_2 to None, run_after=None
[2025-02-22T18:03:36.310+0000] {processor.py:183} INFO - Processing /home/airflow/.local/lib/python3.8/site-packages/airflow/example_dags/example_datasets.py took 0.067 seconds
[2025-02-22T18:04:07.550+0000] {processor.py:161} INFO - Started process (PID=147) to work on /home/airflow/.local/lib/python3.8/site-packages/airflow/example_dags/example_datasets.py
[2025-02-22T18:04:07.551+0000] {processor.py:830} INFO - Processing file /home/airflow/.local/lib/python3.8/site-packages/airflow/example_dags/example_datasets.py for tasks to queue
[2025-02-22T18:04:07.552+0000] {logging_mixin.py:188} INFO - [2025-02-22T18:04:07.552+0000] {dagbag.py:538} INFO - Filling up the DagBag from /home/airflow/.local/lib/python3.8/site-packages/airflow/example_dags/example_datasets.py
[2025-02-22T18:04:07.558+0000] {processor.py:840} INFO - DAG(s) 'dataset_consumes_unknown_never_scheduled', 'dataset_consumes_1', 'dataset_produces_1', 'dataset_consumes_1_and_2', 'dataset_consumes_1_never_scheduled', 'dataset_produces_2' retrieved from /home/airflow/.local/lib/python3.8/site-packages/airflow/example_dags/example_datasets.py
[2025-02-22T18:04:07.653+0000] {logging_mixin.py:188} INFO - [2025-02-22T18:04:07.653+0000] {dag.py:3033} INFO - Sync 6 DAGs
[2025-02-22T18:04:07.665+0000] {logging_mixin.py:188} INFO - [2025-02-22T18:04:07.665+0000] {dag.py:3820} INFO - Setting next_dagrun for dataset_consumes_1 to None, run_after=None
[2025-02-22T18:04:07.668+0000] {logging_mixin.py:188} INFO - [2025-02-22T18:04:07.668+0000] {dag.py:3820} INFO - Setting next_dagrun for dataset_consumes_1_and_2 to None, run_after=None
[2025-02-22T18:04:07.668+0000] {logging_mixin.py:188} INFO - [2025-02-22T18:04:07.668+0000] {dag.py:3820} INFO - Setting next_dagrun for dataset_consumes_1_never_scheduled to None, run_after=None
[2025-02-22T18:04:07.669+0000] {logging_mixin.py:188} INFO - [2025-02-22T18:04:07.669+0000] {dag.py:3820} INFO - Setting next_dagrun for dataset_consumes_unknown_never_scheduled to None, run_after=None
[2025-02-22T18:04:07.671+0000] {logging_mixin.py:188} INFO - [2025-02-22T18:04:07.671+0000] {dag.py:3820} INFO - Setting next_dagrun for dataset_produces_1 to 2025-02-21T00:00:00+00:00, run_after=2025-02-22T00:00:00+00:00
[2025-02-22T18:04:07.671+0000] {logging_mixin.py:188} INFO - [2025-02-22T18:04:07.671+0000] {dag.py:3820} INFO - Setting next_dagrun for dataset_produces_2 to None, run_after=None
[2025-02-22T18:04:07.691+0000] {processor.py:183} INFO - Processing /home/airflow/.local/lib/python3.8/site-packages/airflow/example_dags/example_datasets.py took 0.143 seconds
[2025-02-22T18:04:37.929+0000] {processor.py:161} INFO - Started process (PID=202) to work on /home/airflow/.local/lib/python3.8/site-packages/airflow/example_dags/example_datasets.py
[2025-02-22T18:04:37.930+0000] {processor.py:830} INFO - Processing file /home/airflow/.local/lib/python3.8/site-packages/airflow/example_dags/example_datasets.py for tasks to queue
[2025-02-22T18:04:37.931+0000] {logging_mixin.py:188} INFO - [2025-02-22T18:04:37.931+0000] {dagbag.py:538} INFO - Filling up the DagBag from /home/airflow/.local/lib/python3.8/site-packages/airflow/example_dags/example_datasets.py
[2025-02-22T18:04:37.936+0000] {processor.py:840} INFO - DAG(s) 'dataset_consumes_1', 'dataset_produces_1', 'dataset_produces_2', 'dataset_consumes_1_never_scheduled', 'dataset_consumes_unknown_never_scheduled', 'dataset_consumes_1_and_2' retrieved from /home/airflow/.local/lib/python3.8/site-packages/airflow/example_dags/example_datasets.py
[2025-02-22T18:04:37.955+0000] {logging_mixin.py:188} INFO - [2025-02-22T18:04:37.955+0000] {dag.py:3033} INFO - Sync 6 DAGs
[2025-02-22T18:04:37.967+0000] {logging_mixin.py:188} INFO - [2025-02-22T18:04:37.967+0000] {dag.py:3820} INFO - Setting next_dagrun for dataset_consumes_1 to None, run_after=None
[2025-02-22T18:04:37.969+0000] {logging_mixin.py:188} INFO - [2025-02-22T18:04:37.969+0000] {dag.py:3820} INFO - Setting next_dagrun for dataset_consumes_1_and_2 to None, run_after=None
[2025-02-22T18:04:37.970+0000] {logging_mixin.py:188} INFO - [2025-02-22T18:04:37.970+0000] {dag.py:3820} INFO - Setting next_dagrun for dataset_consumes_1_never_scheduled to None, run_after=None
[2025-02-22T18:04:37.971+0000] {logging_mixin.py:188} INFO - [2025-02-22T18:04:37.971+0000] {dag.py:3820} INFO - Setting next_dagrun for dataset_consumes_unknown_never_scheduled to None, run_after=None
[2025-02-22T18:04:37.972+0000] {logging_mixin.py:188} INFO - [2025-02-22T18:04:37.972+0000] {dag.py:3820} INFO - Setting next_dagrun for dataset_produces_1 to 2025-02-21T00:00:00+00:00, run_after=2025-02-22T00:00:00+00:00
[2025-02-22T18:04:37.973+0000] {logging_mixin.py:188} INFO - [2025-02-22T18:04:37.973+0000] {dag.py:3820} INFO - Setting next_dagrun for dataset_produces_2 to None, run_after=None
[2025-02-22T18:04:37.990+0000] {processor.py:183} INFO - Processing /home/airflow/.local/lib/python3.8/site-packages/airflow/example_dags/example_datasets.py took 0.063 seconds
[2025-02-22T18:05:08.351+0000] {processor.py:161} INFO - Started process (PID=251) to work on /home/airflow/.local/lib/python3.8/site-packages/airflow/example_dags/example_datasets.py
[2025-02-22T18:05:08.352+0000] {processor.py:830} INFO - Processing file /home/airflow/.local/lib/python3.8/site-packages/airflow/example_dags/example_datasets.py for tasks to queue
[2025-02-22T18:05:08.353+0000] {logging_mixin.py:188} INFO - [2025-02-22T18:05:08.353+0000] {dagbag.py:538} INFO - Filling up the DagBag from /home/airflow/.local/lib/python3.8/site-packages/airflow/example_dags/example_datasets.py
[2025-02-22T18:05:08.358+0000] {processor.py:840} INFO - DAG(s) 'dataset_consumes_unknown_never_scheduled', 'dataset_produces_2', 'dataset_consumes_1_and_2', 'dataset_consumes_1', 'dataset_consumes_1_never_scheduled', 'dataset_produces_1' retrieved from /home/airflow/.local/lib/python3.8/site-packages/airflow/example_dags/example_datasets.py
[2025-02-22T18:05:08.380+0000] {logging_mixin.py:188} INFO - [2025-02-22T18:05:08.380+0000] {dag.py:3033} INFO - Sync 6 DAGs
[2025-02-22T18:05:08.393+0000] {logging_mixin.py:188} INFO - [2025-02-22T18:05:08.393+0000] {dag.py:3820} INFO - Setting next_dagrun for dataset_consumes_1 to None, run_after=None
[2025-02-22T18:05:08.395+0000] {logging_mixin.py:188} INFO - [2025-02-22T18:05:08.395+0000] {dag.py:3820} INFO - Setting next_dagrun for dataset_consumes_1_and_2 to None, run_after=None
[2025-02-22T18:05:08.395+0000] {logging_mixin.py:188} INFO - [2025-02-22T18:05:08.395+0000] {dag.py:3820} INFO - Setting next_dagrun for dataset_consumes_1_never_scheduled to None, run_after=None
[2025-02-22T18:05:08.396+0000] {logging_mixin.py:188} INFO - [2025-02-22T18:05:08.396+0000] {dag.py:3820} INFO - Setting next_dagrun for dataset_consumes_unknown_never_scheduled to None, run_after=None
[2025-02-22T18:05:08.397+0000] {logging_mixin.py:188} INFO - [2025-02-22T18:05:08.397+0000] {dag.py:3820} INFO - Setting next_dagrun for dataset_produces_1 to 2025-02-21T00:00:00+00:00, run_after=2025-02-22T00:00:00+00:00
[2025-02-22T18:05:08.398+0000] {logging_mixin.py:188} INFO - [2025-02-22T18:05:08.398+0000] {dag.py:3820} INFO - Setting next_dagrun for dataset_produces_2 to None, run_after=None
[2025-02-22T18:05:08.415+0000] {processor.py:183} INFO - Processing /home/airflow/.local/lib/python3.8/site-packages/airflow/example_dags/example_datasets.py took 0.066 seconds
