[2025-02-22T18:03:34.609+0000] {processor.py:161} INFO - Started process (PID=47) to work on /home/airflow/.local/lib/python3.8/site-packages/airflow/example_dags/example_task_group_decorator.py
[2025-02-22T18:03:34.609+0000] {processor.py:830} INFO - Processing file /home/airflow/.local/lib/python3.8/site-packages/airflow/example_dags/example_task_group_decorator.py for tasks to queue
[2025-02-22T18:03:34.611+0000] {logging_mixin.py:188} INFO - [2025-02-22T18:03:34.610+0000] {dagbag.py:538} INFO - Filling up the DagBag from /home/airflow/.local/lib/python3.8/site-packages/airflow/example_dags/example_task_group_decorator.py
[2025-02-22T18:03:34.624+0000] {processor.py:840} INFO - DAG(s) 'example_task_group_decorator' retrieved from /home/airflow/.local/lib/python3.8/site-packages/airflow/example_dags/example_task_group_decorator.py
[2025-02-22T18:03:34.632+0000] {logging_mixin.py:188} INFO - [2025-02-22T18:03:34.632+0000] {dag.py:3033} INFO - Sync 1 DAGs
[2025-02-22T18:03:34.653+0000] {logging_mixin.py:188} INFO - [2025-02-22T18:03:34.653+0000] {dag.py:3820} INFO - Setting next_dagrun for example_task_group_decorator to 2025-02-21T00:00:00+00:00, run_after=2025-02-22T00:00:00+00:00
[2025-02-22T18:03:34.668+0000] {processor.py:183} INFO - Processing /home/airflow/.local/lib/python3.8/site-packages/airflow/example_dags/example_task_group_decorator.py took 0.062 seconds
[2025-02-22T18:04:05.220+0000] {processor.py:161} INFO - Started process (PID=102) to work on /home/airflow/.local/lib/python3.8/site-packages/airflow/example_dags/example_task_group_decorator.py
[2025-02-22T18:04:05.222+0000] {processor.py:830} INFO - Processing file /home/airflow/.local/lib/python3.8/site-packages/airflow/example_dags/example_task_group_decorator.py for tasks to queue
[2025-02-22T18:04:05.223+0000] {logging_mixin.py:188} INFO - [2025-02-22T18:04:05.222+0000] {dagbag.py:538} INFO - Filling up the DagBag from /home/airflow/.local/lib/python3.8/site-packages/airflow/example_dags/example_task_group_decorator.py
[2025-02-22T18:04:05.231+0000] {processor.py:840} INFO - DAG(s) 'example_task_group_decorator' retrieved from /home/airflow/.local/lib/python3.8/site-packages/airflow/example_dags/example_task_group_decorator.py
[2025-02-22T18:04:05.292+0000] {logging_mixin.py:188} INFO - [2025-02-22T18:04:05.292+0000] {dag.py:3033} INFO - Sync 1 DAGs
[2025-02-22T18:04:05.303+0000] {logging_mixin.py:188} INFO - [2025-02-22T18:04:05.303+0000] {dag.py:3820} INFO - Setting next_dagrun for example_task_group_decorator to 2025-02-21T00:00:00+00:00, run_after=2025-02-22T00:00:00+00:00
[2025-02-22T18:04:05.316+0000] {processor.py:183} INFO - Processing /home/airflow/.local/lib/python3.8/site-packages/airflow/example_dags/example_task_group_decorator.py took 0.097 seconds
[2025-02-22T18:04:35.624+0000] {processor.py:161} INFO - Started process (PID=157) to work on /home/airflow/.local/lib/python3.8/site-packages/airflow/example_dags/example_task_group_decorator.py
[2025-02-22T18:04:35.625+0000] {processor.py:830} INFO - Processing file /home/airflow/.local/lib/python3.8/site-packages/airflow/example_dags/example_task_group_decorator.py for tasks to queue
[2025-02-22T18:04:35.626+0000] {logging_mixin.py:188} INFO - [2025-02-22T18:04:35.626+0000] {dagbag.py:538} INFO - Filling up the DagBag from /home/airflow/.local/lib/python3.8/site-packages/airflow/example_dags/example_task_group_decorator.py
[2025-02-22T18:04:35.634+0000] {processor.py:840} INFO - DAG(s) 'example_task_group_decorator' retrieved from /home/airflow/.local/lib/python3.8/site-packages/airflow/example_dags/example_task_group_decorator.py
[2025-02-22T18:04:35.648+0000] {logging_mixin.py:188} INFO - [2025-02-22T18:04:35.648+0000] {dag.py:3033} INFO - Sync 1 DAGs
[2025-02-22T18:04:35.663+0000] {logging_mixin.py:188} INFO - [2025-02-22T18:04:35.663+0000] {dag.py:3820} INFO - Setting next_dagrun for example_task_group_decorator to 2025-02-21T00:00:00+00:00, run_after=2025-02-22T00:00:00+00:00
[2025-02-22T18:04:35.675+0000] {processor.py:183} INFO - Processing /home/airflow/.local/lib/python3.8/site-packages/airflow/example_dags/example_task_group_decorator.py took 0.053 seconds
[2025-02-22T18:05:05.948+0000] {processor.py:161} INFO - Started process (PID=212) to work on /home/airflow/.local/lib/python3.8/site-packages/airflow/example_dags/example_task_group_decorator.py
[2025-02-22T18:05:05.949+0000] {processor.py:830} INFO - Processing file /home/airflow/.local/lib/python3.8/site-packages/airflow/example_dags/example_task_group_decorator.py for tasks to queue
[2025-02-22T18:05:05.950+0000] {logging_mixin.py:188} INFO - [2025-02-22T18:05:05.950+0000] {dagbag.py:538} INFO - Filling up the DagBag from /home/airflow/.local/lib/python3.8/site-packages/airflow/example_dags/example_task_group_decorator.py
[2025-02-22T18:05:05.958+0000] {processor.py:840} INFO - DAG(s) 'example_task_group_decorator' retrieved from /home/airflow/.local/lib/python3.8/site-packages/airflow/example_dags/example_task_group_decorator.py
[2025-02-22T18:05:05.973+0000] {logging_mixin.py:188} INFO - [2025-02-22T18:05:05.973+0000] {dag.py:3033} INFO - Sync 1 DAGs
[2025-02-22T18:05:05.985+0000] {logging_mixin.py:188} INFO - [2025-02-22T18:05:05.985+0000] {dag.py:3820} INFO - Setting next_dagrun for example_task_group_decorator to 2025-02-21T00:00:00+00:00, run_after=2025-02-22T00:00:00+00:00
[2025-02-22T18:05:05.998+0000] {processor.py:183} INFO - Processing /home/airflow/.local/lib/python3.8/site-packages/airflow/example_dags/example_task_group_decorator.py took 0.051 seconds
