[2025-02-22T18:03:34.723+0000] {processor.py:161} INFO - Started process (PID=50) to work on /home/airflow/.local/lib/python3.8/site-packages/airflow/example_dags/example_task_group.py
[2025-02-22T18:03:34.724+0000] {processor.py:830} INFO - Processing file /home/airflow/.local/lib/python3.8/site-packages/airflow/example_dags/example_task_group.py for tasks to queue
[2025-02-22T18:03:34.726+0000] {logging_mixin.py:188} INFO - [2025-02-22T18:03:34.726+0000] {dagbag.py:538} INFO - Filling up the DagBag from /home/airflow/.local/lib/python3.8/site-packages/airflow/example_dags/example_task_group.py
[2025-02-22T18:03:34.740+0000] {processor.py:840} INFO - DAG(s) 'example_task_group' retrieved from /home/airflow/.local/lib/python3.8/site-packages/airflow/example_dags/example_task_group.py
[2025-02-22T18:03:34.760+0000] {logging_mixin.py:188} INFO - [2025-02-22T18:03:34.759+0000] {dag.py:3033} INFO - Sync 1 DAGs
[2025-02-22T18:03:34.779+0000] {logging_mixin.py:188} INFO - [2025-02-22T18:03:34.778+0000] {dag.py:3820} INFO - Setting next_dagrun for example_task_group to 2025-02-21T00:00:00+00:00, run_after=2025-02-22T00:00:00+00:00
[2025-02-22T18:03:34.795+0000] {processor.py:183} INFO - Processing /home/airflow/.local/lib/python3.8/site-packages/airflow/example_dags/example_task_group.py took 0.076 seconds
[2025-02-22T18:04:05.433+0000] {processor.py:161} INFO - Started process (PID=105) to work on /home/airflow/.local/lib/python3.8/site-packages/airflow/example_dags/example_task_group.py
[2025-02-22T18:04:05.435+0000] {processor.py:830} INFO - Processing file /home/airflow/.local/lib/python3.8/site-packages/airflow/example_dags/example_task_group.py for tasks to queue
[2025-02-22T18:04:05.436+0000] {logging_mixin.py:188} INFO - [2025-02-22T18:04:05.436+0000] {dagbag.py:538} INFO - Filling up the DagBag from /home/airflow/.local/lib/python3.8/site-packages/airflow/example_dags/example_task_group.py
[2025-02-22T18:04:05.440+0000] {processor.py:840} INFO - DAG(s) 'example_task_group' retrieved from /home/airflow/.local/lib/python3.8/site-packages/airflow/example_dags/example_task_group.py
[2025-02-22T18:04:05.500+0000] {logging_mixin.py:188} INFO - [2025-02-22T18:04:05.500+0000] {dag.py:3033} INFO - Sync 1 DAGs
[2025-02-22T18:04:05.511+0000] {logging_mixin.py:188} INFO - [2025-02-22T18:04:05.511+0000] {dag.py:3820} INFO - Setting next_dagrun for example_task_group to 2025-02-21T00:00:00+00:00, run_after=2025-02-22T00:00:00+00:00
[2025-02-22T18:04:05.524+0000] {processor.py:183} INFO - Processing /home/airflow/.local/lib/python3.8/site-packages/airflow/example_dags/example_task_group.py took 0.092 seconds
[2025-02-22T18:04:35.738+0000] {processor.py:161} INFO - Started process (PID=160) to work on /home/airflow/.local/lib/python3.8/site-packages/airflow/example_dags/example_task_group.py
[2025-02-22T18:04:35.739+0000] {processor.py:830} INFO - Processing file /home/airflow/.local/lib/python3.8/site-packages/airflow/example_dags/example_task_group.py for tasks to queue
[2025-02-22T18:04:35.741+0000] {logging_mixin.py:188} INFO - [2025-02-22T18:04:35.740+0000] {dagbag.py:538} INFO - Filling up the DagBag from /home/airflow/.local/lib/python3.8/site-packages/airflow/example_dags/example_task_group.py
[2025-02-22T18:04:35.745+0000] {processor.py:840} INFO - DAG(s) 'example_task_group' retrieved from /home/airflow/.local/lib/python3.8/site-packages/airflow/example_dags/example_task_group.py
[2025-02-22T18:04:35.758+0000] {logging_mixin.py:188} INFO - [2025-02-22T18:04:35.758+0000] {dag.py:3033} INFO - Sync 1 DAGs
[2025-02-22T18:04:35.770+0000] {logging_mixin.py:188} INFO - [2025-02-22T18:04:35.770+0000] {dag.py:3820} INFO - Setting next_dagrun for example_task_group to 2025-02-21T00:00:00+00:00, run_after=2025-02-22T00:00:00+00:00
[2025-02-22T18:04:35.779+0000] {processor.py:183} INFO - Processing /home/airflow/.local/lib/python3.8/site-packages/airflow/example_dags/example_task_group.py took 0.043 seconds
[2025-02-22T18:05:06.067+0000] {processor.py:161} INFO - Started process (PID=215) to work on /home/airflow/.local/lib/python3.8/site-packages/airflow/example_dags/example_task_group.py
[2025-02-22T18:05:06.068+0000] {processor.py:830} INFO - Processing file /home/airflow/.local/lib/python3.8/site-packages/airflow/example_dags/example_task_group.py for tasks to queue
[2025-02-22T18:05:06.069+0000] {logging_mixin.py:188} INFO - [2025-02-22T18:05:06.069+0000] {dagbag.py:538} INFO - Filling up the DagBag from /home/airflow/.local/lib/python3.8/site-packages/airflow/example_dags/example_task_group.py
[2025-02-22T18:05:06.072+0000] {processor.py:840} INFO - DAG(s) 'example_task_group' retrieved from /home/airflow/.local/lib/python3.8/site-packages/airflow/example_dags/example_task_group.py
[2025-02-22T18:05:06.085+0000] {logging_mixin.py:188} INFO - [2025-02-22T18:05:06.085+0000] {dag.py:3033} INFO - Sync 1 DAGs
[2025-02-22T18:05:06.097+0000] {logging_mixin.py:188} INFO - [2025-02-22T18:05:06.096+0000] {dag.py:3820} INFO - Setting next_dagrun for example_task_group to 2025-02-21T00:00:00+00:00, run_after=2025-02-22T00:00:00+00:00
[2025-02-22T18:05:06.108+0000] {processor.py:183} INFO - Processing /home/airflow/.local/lib/python3.8/site-packages/airflow/example_dags/example_task_group.py took 0.044 seconds
