[2025-02-22T18:03:35.970+0000] {processor.py:161} INFO - Started process (PID=86) to work on /home/airflow/.local/lib/python3.8/site-packages/airflow/example_dags/example_params_ui_tutorial.py
[2025-02-22T18:03:35.971+0000] {processor.py:830} INFO - Processing file /home/airflow/.local/lib/python3.8/site-packages/airflow/example_dags/example_params_ui_tutorial.py for tasks to queue
[2025-02-22T18:03:35.974+0000] {logging_mixin.py:188} INFO - [2025-02-22T18:03:35.973+0000] {dagbag.py:538} INFO - Filling up the DagBag from /home/airflow/.local/lib/python3.8/site-packages/airflow/example_dags/example_params_ui_tutorial.py
[2025-02-22T18:03:35.985+0000] {processor.py:840} INFO - DAG(s) 'example_params_ui_tutorial' retrieved from /home/airflow/.local/lib/python3.8/site-packages/airflow/example_dags/example_params_ui_tutorial.py
[2025-02-22T18:03:35.996+0000] {logging_mixin.py:188} INFO - [2025-02-22T18:03:35.996+0000] {dag.py:3033} INFO - Sync 1 DAGs
[2025-02-22T18:03:36.007+0000] {logging_mixin.py:188} INFO - [2025-02-22T18:03:36.007+0000] {dag.py:3820} INFO - Setting next_dagrun for example_params_ui_tutorial to None, run_after=None
[2025-02-22T18:03:36.022+0000] {processor.py:183} INFO - Processing /home/airflow/.local/lib/python3.8/site-packages/airflow/example_dags/example_params_ui_tutorial.py took 0.055 seconds
[2025-02-22T18:04:07.216+0000] {processor.py:161} INFO - Started process (PID=141) to work on /home/airflow/.local/lib/python3.8/site-packages/airflow/example_dags/example_params_ui_tutorial.py
[2025-02-22T18:04:07.218+0000] {processor.py:830} INFO - Processing file /home/airflow/.local/lib/python3.8/site-packages/airflow/example_dags/example_params_ui_tutorial.py for tasks to queue
[2025-02-22T18:04:07.219+0000] {logging_mixin.py:188} INFO - [2025-02-22T18:04:07.219+0000] {dagbag.py:538} INFO - Filling up the DagBag from /home/airflow/.local/lib/python3.8/site-packages/airflow/example_dags/example_params_ui_tutorial.py
[2025-02-22T18:04:07.226+0000] {processor.py:840} INFO - DAG(s) 'example_params_ui_tutorial' retrieved from /home/airflow/.local/lib/python3.8/site-packages/airflow/example_dags/example_params_ui_tutorial.py
[2025-02-22T18:04:07.309+0000] {logging_mixin.py:188} INFO - [2025-02-22T18:04:07.309+0000] {dag.py:3033} INFO - Sync 1 DAGs
[2025-02-22T18:04:07.315+0000] {logging_mixin.py:188} INFO - [2025-02-22T18:04:07.315+0000] {dag.py:3820} INFO - Setting next_dagrun for example_params_ui_tutorial to None, run_after=None
[2025-02-22T18:04:07.327+0000] {processor.py:183} INFO - Processing /home/airflow/.local/lib/python3.8/site-packages/airflow/example_dags/example_params_ui_tutorial.py took 0.112 seconds
[2025-02-22T18:04:37.756+0000] {processor.py:161} INFO - Started process (PID=196) to work on /home/airflow/.local/lib/python3.8/site-packages/airflow/example_dags/example_params_ui_tutorial.py
[2025-02-22T18:04:37.757+0000] {processor.py:830} INFO - Processing file /home/airflow/.local/lib/python3.8/site-packages/airflow/example_dags/example_params_ui_tutorial.py for tasks to queue
[2025-02-22T18:04:37.758+0000] {logging_mixin.py:188} INFO - [2025-02-22T18:04:37.758+0000] {dagbag.py:538} INFO - Filling up the DagBag from /home/airflow/.local/lib/python3.8/site-packages/airflow/example_dags/example_params_ui_tutorial.py
[2025-02-22T18:04:37.764+0000] {processor.py:840} INFO - DAG(s) 'example_params_ui_tutorial' retrieved from /home/airflow/.local/lib/python3.8/site-packages/airflow/example_dags/example_params_ui_tutorial.py
[2025-02-22T18:04:37.798+0000] {logging_mixin.py:188} INFO - [2025-02-22T18:04:37.798+0000] {dag.py:3033} INFO - Sync 1 DAGs
[2025-02-22T18:04:37.805+0000] {logging_mixin.py:188} INFO - [2025-02-22T18:04:37.805+0000] {dag.py:3820} INFO - Setting next_dagrun for example_params_ui_tutorial to None, run_after=None
[2025-02-22T18:04:37.815+0000] {processor.py:183} INFO - Processing /home/airflow/.local/lib/python3.8/site-packages/airflow/example_dags/example_params_ui_tutorial.py took 0.061 seconds
[2025-02-22T18:05:08.167+0000] {processor.py:161} INFO - Started process (PID=245) to work on /home/airflow/.local/lib/python3.8/site-packages/airflow/example_dags/example_params_ui_tutorial.py
[2025-02-22T18:05:08.168+0000] {processor.py:830} INFO - Processing file /home/airflow/.local/lib/python3.8/site-packages/airflow/example_dags/example_params_ui_tutorial.py for tasks to queue
[2025-02-22T18:05:08.169+0000] {logging_mixin.py:188} INFO - [2025-02-22T18:05:08.169+0000] {dagbag.py:538} INFO - Filling up the DagBag from /home/airflow/.local/lib/python3.8/site-packages/airflow/example_dags/example_params_ui_tutorial.py
[2025-02-22T18:05:08.177+0000] {processor.py:840} INFO - DAG(s) 'example_params_ui_tutorial' retrieved from /home/airflow/.local/lib/python3.8/site-packages/airflow/example_dags/example_params_ui_tutorial.py
[2025-02-22T18:05:08.211+0000] {logging_mixin.py:188} INFO - [2025-02-22T18:05:08.211+0000] {dag.py:3033} INFO - Sync 1 DAGs
[2025-02-22T18:05:08.217+0000] {logging_mixin.py:188} INFO - [2025-02-22T18:05:08.217+0000] {dag.py:3820} INFO - Setting next_dagrun for example_params_ui_tutorial to None, run_after=None
[2025-02-22T18:05:08.229+0000] {processor.py:183} INFO - Processing /home/airflow/.local/lib/python3.8/site-packages/airflow/example_dags/example_params_ui_tutorial.py took 0.063 seconds
