[2025-02-22T18:03:34.635+0000] {processor.py:161} INFO - Started process (PID=48) to work on /home/airflow/.local/lib/python3.8/site-packages/airflow/example_dags/example_branch_labels.py
[2025-02-22T18:03:34.635+0000] {processor.py:830} INFO - Processing file /home/airflow/.local/lib/python3.8/site-packages/airflow/example_dags/example_branch_labels.py for tasks to queue
[2025-02-22T18:03:34.637+0000] {logging_mixin.py:188} INFO - [2025-02-22T18:03:34.636+0000] {dagbag.py:538} INFO - Filling up the DagBag from /home/airflow/.local/lib/python3.8/site-packages/airflow/example_dags/example_branch_labels.py
[2025-02-22T18:03:34.649+0000] {processor.py:840} INFO - DAG(s) 'example_branch_labels' retrieved from /home/airflow/.local/lib/python3.8/site-packages/airflow/example_dags/example_branch_labels.py
[2025-02-22T18:03:34.661+0000] {logging_mixin.py:188} INFO - [2025-02-22T18:03:34.661+0000] {dag.py:3033} INFO - Sync 1 DAGs
[2025-02-22T18:03:34.683+0000] {logging_mixin.py:188} INFO - [2025-02-22T18:03:34.683+0000] {dag.py:3820} INFO - Setting next_dagrun for example_branch_labels to 2025-02-21T00:00:00+00:00, run_after=2025-02-22T00:00:00+00:00
[2025-02-22T18:03:34.700+0000] {processor.py:183} INFO - Processing /home/airflow/.local/lib/python3.8/site-packages/airflow/example_dags/example_branch_labels.py took 0.067 seconds
[2025-02-22T18:04:05.330+0000] {processor.py:161} INFO - Started process (PID=103) to work on /home/airflow/.local/lib/python3.8/site-packages/airflow/example_dags/example_branch_labels.py
[2025-02-22T18:04:05.331+0000] {processor.py:830} INFO - Processing file /home/airflow/.local/lib/python3.8/site-packages/airflow/example_dags/example_branch_labels.py for tasks to queue
[2025-02-22T18:04:05.333+0000] {logging_mixin.py:188} INFO - [2025-02-22T18:04:05.333+0000] {dagbag.py:538} INFO - Filling up the DagBag from /home/airflow/.local/lib/python3.8/site-packages/airflow/example_dags/example_branch_labels.py
[2025-02-22T18:04:05.337+0000] {processor.py:840} INFO - DAG(s) 'example_branch_labels' retrieved from /home/airflow/.local/lib/python3.8/site-packages/airflow/example_dags/example_branch_labels.py
[2025-02-22T18:04:05.395+0000] {logging_mixin.py:188} INFO - [2025-02-22T18:04:05.395+0000] {dag.py:3033} INFO - Sync 1 DAGs
[2025-02-22T18:04:05.408+0000] {logging_mixin.py:188} INFO - [2025-02-22T18:04:05.408+0000] {dag.py:3820} INFO - Setting next_dagrun for example_branch_labels to 2025-02-21T00:00:00+00:00, run_after=2025-02-22T00:00:00+00:00
[2025-02-22T18:04:05.421+0000] {processor.py:183} INFO - Processing /home/airflow/.local/lib/python3.8/site-packages/airflow/example_dags/example_branch_labels.py took 0.093 seconds
[2025-02-22T18:04:35.631+0000] {processor.py:161} INFO - Started process (PID=158) to work on /home/airflow/.local/lib/python3.8/site-packages/airflow/example_dags/example_branch_labels.py
[2025-02-22T18:04:35.632+0000] {processor.py:830} INFO - Processing file /home/airflow/.local/lib/python3.8/site-packages/airflow/example_dags/example_branch_labels.py for tasks to queue
[2025-02-22T18:04:35.633+0000] {logging_mixin.py:188} INFO - [2025-02-22T18:04:35.633+0000] {dagbag.py:538} INFO - Filling up the DagBag from /home/airflow/.local/lib/python3.8/site-packages/airflow/example_dags/example_branch_labels.py
[2025-02-22T18:04:35.637+0000] {processor.py:840} INFO - DAG(s) 'example_branch_labels' retrieved from /home/airflow/.local/lib/python3.8/site-packages/airflow/example_dags/example_branch_labels.py
[2025-02-22T18:04:35.650+0000] {logging_mixin.py:188} INFO - [2025-02-22T18:04:35.650+0000] {dag.py:3033} INFO - Sync 1 DAGs
[2025-02-22T18:04:35.665+0000] {logging_mixin.py:188} INFO - [2025-02-22T18:04:35.665+0000] {dag.py:3820} INFO - Setting next_dagrun for example_branch_labels to 2025-02-21T00:00:00+00:00, run_after=2025-02-22T00:00:00+00:00
[2025-02-22T18:04:35.677+0000] {processor.py:183} INFO - Processing /home/airflow/.local/lib/python3.8/site-packages/airflow/example_dags/example_branch_labels.py took 0.047 seconds
[2025-02-22T18:05:06.010+0000] {processor.py:161} INFO - Started process (PID=213) to work on /home/airflow/.local/lib/python3.8/site-packages/airflow/example_dags/example_branch_labels.py
[2025-02-22T18:05:06.011+0000] {processor.py:830} INFO - Processing file /home/airflow/.local/lib/python3.8/site-packages/airflow/example_dags/example_branch_labels.py for tasks to queue
[2025-02-22T18:05:06.012+0000] {logging_mixin.py:188} INFO - [2025-02-22T18:05:06.012+0000] {dagbag.py:538} INFO - Filling up the DagBag from /home/airflow/.local/lib/python3.8/site-packages/airflow/example_dags/example_branch_labels.py
[2025-02-22T18:05:06.017+0000] {processor.py:840} INFO - DAG(s) 'example_branch_labels' retrieved from /home/airflow/.local/lib/python3.8/site-packages/airflow/example_dags/example_branch_labels.py
[2025-02-22T18:05:06.029+0000] {logging_mixin.py:188} INFO - [2025-02-22T18:05:06.029+0000] {dag.py:3033} INFO - Sync 1 DAGs
[2025-02-22T18:05:06.042+0000] {logging_mixin.py:188} INFO - [2025-02-22T18:05:06.042+0000] {dag.py:3820} INFO - Setting next_dagrun for example_branch_labels to 2025-02-21T00:00:00+00:00, run_after=2025-02-22T00:00:00+00:00
[2025-02-22T18:05:06.057+0000] {processor.py:183} INFO - Processing /home/airflow/.local/lib/python3.8/site-packages/airflow/example_dags/example_branch_labels.py took 0.049 seconds
