[2025-02-22T18:03:35.116+0000] {processor.py:161} INFO - Started process (PID=58) to work on /home/airflow/.local/lib/python3.8/site-packages/airflow/example_dags/example_xcom.py
[2025-02-22T18:03:35.116+0000] {processor.py:830} INFO - Processing file /home/airflow/.local/lib/python3.8/site-packages/airflow/example_dags/example_xcom.py for tasks to queue
[2025-02-22T18:03:35.118+0000] {logging_mixin.py:188} INFO - [2025-02-22T18:03:35.118+0000] {dagbag.py:538} INFO - Filling up the DagBag from /home/airflow/.local/lib/python3.8/site-packages/airflow/example_dags/example_xcom.py
[2025-02-22T18:03:35.126+0000] {processor.py:840} INFO - DAG(s) 'example_xcom' retrieved from /home/airflow/.local/lib/python3.8/site-packages/airflow/example_dags/example_xcom.py
[2025-02-22T18:03:35.136+0000] {logging_mixin.py:188} INFO - [2025-02-22T18:03:35.136+0000] {dag.py:3033} INFO - Sync 1 DAGs
[2025-02-22T18:03:35.151+0000] {logging_mixin.py:188} INFO - [2025-02-22T18:03:35.151+0000] {dag.py:3820} INFO - Setting next_dagrun for example_xcom to 2021-01-01T00:00:00+00:00, run_after=2021-01-01T00:00:00+00:00
[2025-02-22T18:03:35.168+0000] {processor.py:183} INFO - Processing /home/airflow/.local/lib/python3.8/site-packages/airflow/example_dags/example_xcom.py took 0.055 seconds
[2025-02-22T18:04:05.972+0000] {processor.py:161} INFO - Started process (PID=113) to work on /home/airflow/.local/lib/python3.8/site-packages/airflow/example_dags/example_xcom.py
[2025-02-22T18:04:05.974+0000] {processor.py:830} INFO - Processing file /home/airflow/.local/lib/python3.8/site-packages/airflow/example_dags/example_xcom.py for tasks to queue
[2025-02-22T18:04:05.975+0000] {logging_mixin.py:188} INFO - [2025-02-22T18:04:05.975+0000] {dagbag.py:538} INFO - Filling up the DagBag from /home/airflow/.local/lib/python3.8/site-packages/airflow/example_dags/example_xcom.py
[2025-02-22T18:04:05.979+0000] {processor.py:840} INFO - DAG(s) 'example_xcom' retrieved from /home/airflow/.local/lib/python3.8/site-packages/airflow/example_dags/example_xcom.py
[2025-02-22T18:04:06.049+0000] {logging_mixin.py:188} INFO - [2025-02-22T18:04:06.049+0000] {dag.py:3033} INFO - Sync 1 DAGs
[2025-02-22T18:04:06.060+0000] {logging_mixin.py:188} INFO - [2025-02-22T18:04:06.060+0000] {dag.py:3820} INFO - Setting next_dagrun for example_xcom to 2021-01-01T00:00:00+00:00, run_after=2021-01-01T00:00:00+00:00
[2025-02-22T18:04:06.074+0000] {processor.py:183} INFO - Processing /home/airflow/.local/lib/python3.8/site-packages/airflow/example_dags/example_xcom.py took 0.104 seconds
[2025-02-22T18:04:36.932+0000] {processor.py:161} INFO - Started process (PID=174) to work on /home/airflow/.local/lib/python3.8/site-packages/airflow/example_dags/example_xcom.py
[2025-02-22T18:04:36.933+0000] {processor.py:830} INFO - Processing file /home/airflow/.local/lib/python3.8/site-packages/airflow/example_dags/example_xcom.py for tasks to queue
[2025-02-22T18:04:36.934+0000] {logging_mixin.py:188} INFO - [2025-02-22T18:04:36.934+0000] {dagbag.py:538} INFO - Filling up the DagBag from /home/airflow/.local/lib/python3.8/site-packages/airflow/example_dags/example_xcom.py
[2025-02-22T18:04:36.938+0000] {processor.py:840} INFO - DAG(s) 'example_xcom' retrieved from /home/airflow/.local/lib/python3.8/site-packages/airflow/example_dags/example_xcom.py
[2025-02-22T18:04:36.949+0000] {logging_mixin.py:188} INFO - [2025-02-22T18:04:36.949+0000] {dag.py:3033} INFO - Sync 1 DAGs
[2025-02-22T18:04:36.960+0000] {logging_mixin.py:188} INFO - [2025-02-22T18:04:36.959+0000] {dag.py:3820} INFO - Setting next_dagrun for example_xcom to 2021-01-01T00:00:00+00:00, run_after=2021-01-01T00:00:00+00:00
[2025-02-22T18:04:36.970+0000] {processor.py:183} INFO - Processing /home/airflow/.local/lib/python3.8/site-packages/airflow/example_dags/example_xcom.py took 0.040 seconds
[2025-02-22T18:05:07.264+0000] {processor.py:161} INFO - Started process (PID=223) to work on /home/airflow/.local/lib/python3.8/site-packages/airflow/example_dags/example_xcom.py
[2025-02-22T18:05:07.265+0000] {processor.py:830} INFO - Processing file /home/airflow/.local/lib/python3.8/site-packages/airflow/example_dags/example_xcom.py for tasks to queue
[2025-02-22T18:05:07.266+0000] {logging_mixin.py:188} INFO - [2025-02-22T18:05:07.266+0000] {dagbag.py:538} INFO - Filling up the DagBag from /home/airflow/.local/lib/python3.8/site-packages/airflow/example_dags/example_xcom.py
[2025-02-22T18:05:07.270+0000] {processor.py:840} INFO - DAG(s) 'example_xcom' retrieved from /home/airflow/.local/lib/python3.8/site-packages/airflow/example_dags/example_xcom.py
[2025-02-22T18:05:07.284+0000] {logging_mixin.py:188} INFO - [2025-02-22T18:05:07.284+0000] {dag.py:3033} INFO - Sync 1 DAGs
[2025-02-22T18:05:07.296+0000] {logging_mixin.py:188} INFO - [2025-02-22T18:05:07.295+0000] {dag.py:3820} INFO - Setting next_dagrun for example_xcom to 2021-01-01T00:00:00+00:00, run_after=2021-01-01T00:00:00+00:00
[2025-02-22T18:05:07.307+0000] {processor.py:183} INFO - Processing /home/airflow/.local/lib/python3.8/site-packages/airflow/example_dags/example_xcom.py took 0.045 seconds
