[2025-02-22T18:03:35.913+0000] {processor.py:161} INFO - Started process (PID=84) to work on /home/airflow/.local/lib/python3.8/site-packages/airflow/example_dags/example_latest_only.py
[2025-02-22T18:03:35.913+0000] {processor.py:830} INFO - Processing file /home/airflow/.local/lib/python3.8/site-packages/airflow/example_dags/example_latest_only.py for tasks to queue
[2025-02-22T18:03:35.914+0000] {logging_mixin.py:188} INFO - [2025-02-22T18:03:35.914+0000] {dagbag.py:538} INFO - Filling up the DagBag from /home/airflow/.local/lib/python3.8/site-packages/airflow/example_dags/example_latest_only.py
[2025-02-22T18:03:35.919+0000] {processor.py:840} INFO - DAG(s) 'latest_only' retrieved from /home/airflow/.local/lib/python3.8/site-packages/airflow/example_dags/example_latest_only.py
[2025-02-22T18:03:35.926+0000] {logging_mixin.py:188} INFO - [2025-02-22T18:03:35.926+0000] {dag.py:3033} INFO - Sync 1 DAGs
[2025-02-22T18:03:35.939+0000] {logging_mixin.py:188} INFO - [2025-02-22T18:03:35.939+0000] {dag.py:3820} INFO - Setting next_dagrun for latest_only to 2025-02-22T12:00:00+00:00, run_after=2025-02-22T16:00:00+00:00
[2025-02-22T18:03:35.952+0000] {processor.py:183} INFO - Processing /home/airflow/.local/lib/python3.8/site-packages/airflow/example_dags/example_latest_only.py took 0.041 seconds
[2025-02-22T18:04:07.112+0000] {processor.py:161} INFO - Started process (PID=139) to work on /home/airflow/.local/lib/python3.8/site-packages/airflow/example_dags/example_latest_only.py
[2025-02-22T18:04:07.113+0000] {processor.py:830} INFO - Processing file /home/airflow/.local/lib/python3.8/site-packages/airflow/example_dags/example_latest_only.py for tasks to queue
[2025-02-22T18:04:07.115+0000] {logging_mixin.py:188} INFO - [2025-02-22T18:04:07.114+0000] {dagbag.py:538} INFO - Filling up the DagBag from /home/airflow/.local/lib/python3.8/site-packages/airflow/example_dags/example_latest_only.py
[2025-02-22T18:04:07.118+0000] {processor.py:840} INFO - DAG(s) 'latest_only' retrieved from /home/airflow/.local/lib/python3.8/site-packages/airflow/example_dags/example_latest_only.py
[2025-02-22T18:04:07.176+0000] {logging_mixin.py:188} INFO - [2025-02-22T18:04:07.176+0000] {dag.py:3033} INFO - Sync 1 DAGs
[2025-02-22T18:04:07.188+0000] {logging_mixin.py:188} INFO - [2025-02-22T18:04:07.188+0000] {dag.py:3820} INFO - Setting next_dagrun for latest_only to 2025-02-22T12:00:00+00:00, run_after=2025-02-22T16:00:00+00:00
[2025-02-22T18:04:07.202+0000] {processor.py:183} INFO - Processing /home/airflow/.local/lib/python3.8/site-packages/airflow/example_dags/example_latest_only.py took 0.092 seconds
[2025-02-22T18:04:37.704+0000] {processor.py:161} INFO - Started process (PID=194) to work on /home/airflow/.local/lib/python3.8/site-packages/airflow/example_dags/example_latest_only.py
[2025-02-22T18:04:37.705+0000] {processor.py:830} INFO - Processing file /home/airflow/.local/lib/python3.8/site-packages/airflow/example_dags/example_latest_only.py for tasks to queue
[2025-02-22T18:04:37.706+0000] {logging_mixin.py:188} INFO - [2025-02-22T18:04:37.706+0000] {dagbag.py:538} INFO - Filling up the DagBag from /home/airflow/.local/lib/python3.8/site-packages/airflow/example_dags/example_latest_only.py
[2025-02-22T18:04:37.709+0000] {processor.py:840} INFO - DAG(s) 'latest_only' retrieved from /home/airflow/.local/lib/python3.8/site-packages/airflow/example_dags/example_latest_only.py
[2025-02-22T18:04:37.721+0000] {logging_mixin.py:188} INFO - [2025-02-22T18:04:37.721+0000] {dag.py:3033} INFO - Sync 1 DAGs
[2025-02-22T18:04:37.733+0000] {logging_mixin.py:188} INFO - [2025-02-22T18:04:37.732+0000] {dag.py:3820} INFO - Setting next_dagrun for latest_only to 2025-02-22T12:00:00+00:00, run_after=2025-02-22T16:00:00+00:00
[2025-02-22T18:04:37.743+0000] {processor.py:183} INFO - Processing /home/airflow/.local/lib/python3.8/site-packages/airflow/example_dags/example_latest_only.py took 0.040 seconds
[2025-02-22T18:05:08.064+0000] {processor.py:161} INFO - Started process (PID=243) to work on /home/airflow/.local/lib/python3.8/site-packages/airflow/example_dags/example_latest_only.py
[2025-02-22T18:05:08.065+0000] {processor.py:830} INFO - Processing file /home/airflow/.local/lib/python3.8/site-packages/airflow/example_dags/example_latest_only.py for tasks to queue
[2025-02-22T18:05:08.066+0000] {logging_mixin.py:188} INFO - [2025-02-22T18:05:08.066+0000] {dagbag.py:538} INFO - Filling up the DagBag from /home/airflow/.local/lib/python3.8/site-packages/airflow/example_dags/example_latest_only.py
[2025-02-22T18:05:08.069+0000] {processor.py:840} INFO - DAG(s) 'latest_only' retrieved from /home/airflow/.local/lib/python3.8/site-packages/airflow/example_dags/example_latest_only.py
[2025-02-22T18:05:08.081+0000] {logging_mixin.py:188} INFO - [2025-02-22T18:05:08.081+0000] {dag.py:3033} INFO - Sync 1 DAGs
[2025-02-22T18:05:08.092+0000] {logging_mixin.py:188} INFO - [2025-02-22T18:05:08.092+0000] {dag.py:3820} INFO - Setting next_dagrun for latest_only to 2025-02-22T12:00:00+00:00, run_after=2025-02-22T16:00:00+00:00
[2025-02-22T18:05:08.104+0000] {processor.py:183} INFO - Processing /home/airflow/.local/lib/python3.8/site-packages/airflow/example_dags/example_latest_only.py took 0.041 seconds
