[2025-02-22T18:03:36.185+0000] {processor.py:161} INFO - Started process (PID=91) to work on /home/airflow/.local/lib/python3.8/site-packages/airflow/example_dags/example_sensor_decorator.py
[2025-02-22T18:03:36.185+0000] {processor.py:830} INFO - Processing file /home/airflow/.local/lib/python3.8/site-packages/airflow/example_dags/example_sensor_decorator.py for tasks to queue
[2025-02-22T18:03:36.186+0000] {logging_mixin.py:188} INFO - [2025-02-22T18:03:36.186+0000] {dagbag.py:538} INFO - Filling up the DagBag from /home/airflow/.local/lib/python3.8/site-packages/airflow/example_dags/example_sensor_decorator.py
[2025-02-22T18:03:36.190+0000] {processor.py:840} INFO - DAG(s) 'example_sensor_decorator' retrieved from /home/airflow/.local/lib/python3.8/site-packages/airflow/example_dags/example_sensor_decorator.py
[2025-02-22T18:03:36.201+0000] {logging_mixin.py:188} INFO - [2025-02-22T18:03:36.201+0000] {dag.py:3033} INFO - Sync 1 DAGs
[2025-02-22T18:03:36.213+0000] {logging_mixin.py:188} INFO - [2025-02-22T18:03:36.213+0000] {dag.py:3820} INFO - Setting next_dagrun for example_sensor_decorator to None, run_after=None
[2025-02-22T18:03:36.229+0000] {processor.py:183} INFO - Processing /home/airflow/.local/lib/python3.8/site-packages/airflow/example_dags/example_sensor_decorator.py took 0.047 seconds
[2025-02-22T18:04:07.504+0000] {processor.py:161} INFO - Started process (PID=146) to work on /home/airflow/.local/lib/python3.8/site-packages/airflow/example_dags/example_sensor_decorator.py
[2025-02-22T18:04:07.505+0000] {processor.py:830} INFO - Processing file /home/airflow/.local/lib/python3.8/site-packages/airflow/example_dags/example_sensor_decorator.py for tasks to queue
[2025-02-22T18:04:07.506+0000] {logging_mixin.py:188} INFO - [2025-02-22T18:04:07.506+0000] {dagbag.py:538} INFO - Filling up the DagBag from /home/airflow/.local/lib/python3.8/site-packages/airflow/example_dags/example_sensor_decorator.py
[2025-02-22T18:04:07.510+0000] {processor.py:840} INFO - DAG(s) 'example_sensor_decorator' retrieved from /home/airflow/.local/lib/python3.8/site-packages/airflow/example_dags/example_sensor_decorator.py
[2025-02-22T18:04:07.571+0000] {logging_mixin.py:188} INFO - [2025-02-22T18:04:07.571+0000] {dag.py:3033} INFO - Sync 1 DAGs
[2025-02-22T18:04:07.578+0000] {logging_mixin.py:188} INFO - [2025-02-22T18:04:07.578+0000] {dag.py:3820} INFO - Setting next_dagrun for example_sensor_decorator to None, run_after=None
[2025-02-22T18:04:07.590+0000] {processor.py:183} INFO - Processing /home/airflow/.local/lib/python3.8/site-packages/airflow/example_dags/example_sensor_decorator.py took 0.088 seconds
[2025-02-22T18:04:37.890+0000] {processor.py:161} INFO - Started process (PID=201) to work on /home/airflow/.local/lib/python3.8/site-packages/airflow/example_dags/example_sensor_decorator.py
[2025-02-22T18:04:37.891+0000] {processor.py:830} INFO - Processing file /home/airflow/.local/lib/python3.8/site-packages/airflow/example_dags/example_sensor_decorator.py for tasks to queue
[2025-02-22T18:04:37.892+0000] {logging_mixin.py:188} INFO - [2025-02-22T18:04:37.892+0000] {dagbag.py:538} INFO - Filling up the DagBag from /home/airflow/.local/lib/python3.8/site-packages/airflow/example_dags/example_sensor_decorator.py
[2025-02-22T18:04:37.895+0000] {processor.py:840} INFO - DAG(s) 'example_sensor_decorator' retrieved from /home/airflow/.local/lib/python3.8/site-packages/airflow/example_dags/example_sensor_decorator.py
[2025-02-22T18:04:37.907+0000] {logging_mixin.py:188} INFO - [2025-02-22T18:04:37.906+0000] {dag.py:3033} INFO - Sync 1 DAGs
[2025-02-22T18:04:37.913+0000] {logging_mixin.py:188} INFO - [2025-02-22T18:04:37.913+0000] {dag.py:3820} INFO - Setting next_dagrun for example_sensor_decorator to None, run_after=None
[2025-02-22T18:04:37.923+0000] {processor.py:183} INFO - Processing /home/airflow/.local/lib/python3.8/site-packages/airflow/example_dags/example_sensor_decorator.py took 0.035 seconds
[2025-02-22T18:05:08.341+0000] {processor.py:161} INFO - Started process (PID=250) to work on /home/airflow/.local/lib/python3.8/site-packages/airflow/example_dags/example_sensor_decorator.py
[2025-02-22T18:05:08.342+0000] {processor.py:830} INFO - Processing file /home/airflow/.local/lib/python3.8/site-packages/airflow/example_dags/example_sensor_decorator.py for tasks to queue
[2025-02-22T18:05:08.344+0000] {logging_mixin.py:188} INFO - [2025-02-22T18:05:08.343+0000] {dagbag.py:538} INFO - Filling up the DagBag from /home/airflow/.local/lib/python3.8/site-packages/airflow/example_dags/example_sensor_decorator.py
[2025-02-22T18:05:08.348+0000] {processor.py:840} INFO - DAG(s) 'example_sensor_decorator' retrieved from /home/airflow/.local/lib/python3.8/site-packages/airflow/example_dags/example_sensor_decorator.py
[2025-02-22T18:05:08.360+0000] {logging_mixin.py:188} INFO - [2025-02-22T18:05:08.360+0000] {dag.py:3033} INFO - Sync 1 DAGs
[2025-02-22T18:05:08.366+0000] {logging_mixin.py:188} INFO - [2025-02-22T18:05:08.366+0000] {dag.py:3820} INFO - Setting next_dagrun for example_sensor_decorator to None, run_after=None
[2025-02-22T18:05:08.378+0000] {processor.py:183} INFO - Processing /home/airflow/.local/lib/python3.8/site-packages/airflow/example_dags/example_sensor_decorator.py took 0.039 seconds
