[2025-02-22T18:03:34.699+0000] {processor.py:161} INFO - Started process (PID=49) to work on /home/airflow/.local/lib/python3.8/site-packages/airflow/example_dags/example_trigger_controller_dag.py
[2025-02-22T18:03:34.700+0000] {processor.py:830} INFO - Processing file /home/airflow/.local/lib/python3.8/site-packages/airflow/example_dags/example_trigger_controller_dag.py for tasks to queue
[2025-02-22T18:03:34.702+0000] {logging_mixin.py:188} INFO - [2025-02-22T18:03:34.702+0000] {dagbag.py:538} INFO - Filling up the DagBag from /home/airflow/.local/lib/python3.8/site-packages/airflow/example_dags/example_trigger_controller_dag.py
[2025-02-22T18:03:34.707+0000] {processor.py:840} INFO - DAG(s) 'example_trigger_controller_dag' retrieved from /home/airflow/.local/lib/python3.8/site-packages/airflow/example_dags/example_trigger_controller_dag.py
[2025-02-22T18:03:34.717+0000] {logging_mixin.py:188} INFO - [2025-02-22T18:03:34.717+0000] {dag.py:3033} INFO - Sync 1 DAGs
[2025-02-22T18:03:34.741+0000] {logging_mixin.py:188} INFO - [2025-02-22T18:03:34.741+0000] {dag.py:3820} INFO - Setting next_dagrun for example_trigger_controller_dag to 2021-01-01T00:00:00+00:00, run_after=2021-01-01T00:00:00+00:00
[2025-02-22T18:03:34.758+0000] {processor.py:183} INFO - Processing /home/airflow/.local/lib/python3.8/site-packages/airflow/example_dags/example_trigger_controller_dag.py took 0.062 seconds
[2025-02-22T18:04:05.334+0000] {processor.py:161} INFO - Started process (PID=104) to work on /home/airflow/.local/lib/python3.8/site-packages/airflow/example_dags/example_trigger_controller_dag.py
[2025-02-22T18:04:05.335+0000] {processor.py:830} INFO - Processing file /home/airflow/.local/lib/python3.8/site-packages/airflow/example_dags/example_trigger_controller_dag.py for tasks to queue
[2025-02-22T18:04:05.336+0000] {logging_mixin.py:188} INFO - [2025-02-22T18:04:05.336+0000] {dagbag.py:538} INFO - Filling up the DagBag from /home/airflow/.local/lib/python3.8/site-packages/airflow/example_dags/example_trigger_controller_dag.py
[2025-02-22T18:04:05.338+0000] {processor.py:840} INFO - DAG(s) 'example_trigger_controller_dag' retrieved from /home/airflow/.local/lib/python3.8/site-packages/airflow/example_dags/example_trigger_controller_dag.py
[2025-02-22T18:04:05.395+0000] {logging_mixin.py:188} INFO - [2025-02-22T18:04:05.395+0000] {dag.py:3033} INFO - Sync 1 DAGs
[2025-02-22T18:04:05.407+0000] {logging_mixin.py:188} INFO - [2025-02-22T18:04:05.407+0000] {dag.py:3820} INFO - Setting next_dagrun for example_trigger_controller_dag to 2021-01-01T00:00:00+00:00, run_after=2021-01-01T00:00:00+00:00
[2025-02-22T18:04:05.420+0000] {processor.py:183} INFO - Processing /home/airflow/.local/lib/python3.8/site-packages/airflow/example_dags/example_trigger_controller_dag.py took 0.088 seconds
[2025-02-22T18:04:35.687+0000] {processor.py:161} INFO - Started process (PID=159) to work on /home/airflow/.local/lib/python3.8/site-packages/airflow/example_dags/example_trigger_controller_dag.py
[2025-02-22T18:04:35.688+0000] {processor.py:830} INFO - Processing file /home/airflow/.local/lib/python3.8/site-packages/airflow/example_dags/example_trigger_controller_dag.py for tasks to queue
[2025-02-22T18:04:35.689+0000] {logging_mixin.py:188} INFO - [2025-02-22T18:04:35.689+0000] {dagbag.py:538} INFO - Filling up the DagBag from /home/airflow/.local/lib/python3.8/site-packages/airflow/example_dags/example_trigger_controller_dag.py
[2025-02-22T18:04:35.692+0000] {processor.py:840} INFO - DAG(s) 'example_trigger_controller_dag' retrieved from /home/airflow/.local/lib/python3.8/site-packages/airflow/example_dags/example_trigger_controller_dag.py
[2025-02-22T18:04:35.704+0000] {logging_mixin.py:188} INFO - [2025-02-22T18:04:35.704+0000] {dag.py:3033} INFO - Sync 1 DAGs
[2025-02-22T18:04:35.716+0000] {logging_mixin.py:188} INFO - [2025-02-22T18:04:35.716+0000] {dag.py:3820} INFO - Setting next_dagrun for example_trigger_controller_dag to 2021-01-01T00:00:00+00:00, run_after=2021-01-01T00:00:00+00:00
[2025-02-22T18:04:35.727+0000] {processor.py:183} INFO - Processing /home/airflow/.local/lib/python3.8/site-packages/airflow/example_dags/example_trigger_controller_dag.py took 0.041 seconds
[2025-02-22T18:05:06.014+0000] {processor.py:161} INFO - Started process (PID=214) to work on /home/airflow/.local/lib/python3.8/site-packages/airflow/example_dags/example_trigger_controller_dag.py
[2025-02-22T18:05:06.014+0000] {processor.py:830} INFO - Processing file /home/airflow/.local/lib/python3.8/site-packages/airflow/example_dags/example_trigger_controller_dag.py for tasks to queue
[2025-02-22T18:05:06.015+0000] {logging_mixin.py:188} INFO - [2025-02-22T18:05:06.015+0000] {dagbag.py:538} INFO - Filling up the DagBag from /home/airflow/.local/lib/python3.8/site-packages/airflow/example_dags/example_trigger_controller_dag.py
[2025-02-22T18:05:06.018+0000] {processor.py:840} INFO - DAG(s) 'example_trigger_controller_dag' retrieved from /home/airflow/.local/lib/python3.8/site-packages/airflow/example_dags/example_trigger_controller_dag.py
[2025-02-22T18:05:06.029+0000] {logging_mixin.py:188} INFO - [2025-02-22T18:05:06.028+0000] {dag.py:3033} INFO - Sync 1 DAGs
[2025-02-22T18:05:06.041+0000] {logging_mixin.py:188} INFO - [2025-02-22T18:05:06.041+0000] {dag.py:3820} INFO - Setting next_dagrun for example_trigger_controller_dag to 2021-01-01T00:00:00+00:00, run_after=2021-01-01T00:00:00+00:00
[2025-02-22T18:05:06.054+0000] {processor.py:183} INFO - Processing /home/airflow/.local/lib/python3.8/site-packages/airflow/example_dags/example_trigger_controller_dag.py took 0.043 seconds
