[2025-02-22T18:03:34.877+0000] {processor.py:161} INFO - Started process (PID=53) to work on /home/airflow/.local/lib/python3.8/site-packages/airflow/example_dags/example_branch_operator_decorator.py
[2025-02-22T18:03:34.878+0000] {processor.py:830} INFO - Processing file /home/airflow/.local/lib/python3.8/site-packages/airflow/example_dags/example_branch_operator_decorator.py for tasks to queue
[2025-02-22T18:03:34.879+0000] {logging_mixin.py:188} INFO - [2025-02-22T18:03:34.879+0000] {dagbag.py:538} INFO - Filling up the DagBag from /home/airflow/.local/lib/python3.8/site-packages/airflow/example_dags/example_branch_operator_decorator.py
[2025-02-22T18:03:34.897+0000] {processor.py:840} INFO - DAG(s) 'example_branch_python_operator_decorator' retrieved from /home/airflow/.local/lib/python3.8/site-packages/airflow/example_dags/example_branch_operator_decorator.py
[2025-02-22T18:03:34.905+0000] {logging_mixin.py:188} INFO - [2025-02-22T18:03:34.905+0000] {dag.py:3033} INFO - Sync 1 DAGs
[2025-02-22T18:03:34.924+0000] {logging_mixin.py:188} INFO - [2025-02-22T18:03:34.923+0000] {dag.py:3820} INFO - Setting next_dagrun for example_branch_python_operator_decorator to 2025-02-21T00:00:00+00:00, run_after=2025-02-22T00:00:00+00:00
[2025-02-22T18:03:34.940+0000] {processor.py:183} INFO - Processing /home/airflow/.local/lib/python3.8/site-packages/airflow/example_dags/example_branch_operator_decorator.py took 0.066 seconds
[2025-02-22T18:04:05.640+0000] {processor.py:161} INFO - Started process (PID=108) to work on /home/airflow/.local/lib/python3.8/site-packages/airflow/example_dags/example_branch_operator_decorator.py
[2025-02-22T18:04:05.641+0000] {processor.py:830} INFO - Processing file /home/airflow/.local/lib/python3.8/site-packages/airflow/example_dags/example_branch_operator_decorator.py for tasks to queue
[2025-02-22T18:04:05.642+0000] {logging_mixin.py:188} INFO - [2025-02-22T18:04:05.642+0000] {dagbag.py:538} INFO - Filling up the DagBag from /home/airflow/.local/lib/python3.8/site-packages/airflow/example_dags/example_branch_operator_decorator.py
[2025-02-22T18:04:05.652+0000] {processor.py:840} INFO - DAG(s) 'example_branch_python_operator_decorator' retrieved from /home/airflow/.local/lib/python3.8/site-packages/airflow/example_dags/example_branch_operator_decorator.py
[2025-02-22T18:04:05.717+0000] {logging_mixin.py:188} INFO - [2025-02-22T18:04:05.717+0000] {dag.py:3033} INFO - Sync 1 DAGs
[2025-02-22T18:04:05.729+0000] {logging_mixin.py:188} INFO - [2025-02-22T18:04:05.729+0000] {dag.py:3820} INFO - Setting next_dagrun for example_branch_python_operator_decorator to 2025-02-21T00:00:00+00:00, run_after=2025-02-22T00:00:00+00:00
[2025-02-22T18:04:05.742+0000] {processor.py:183} INFO - Processing /home/airflow/.local/lib/python3.8/site-packages/airflow/example_dags/example_branch_operator_decorator.py took 0.105 seconds
[2025-02-22T18:04:35.848+0000] {processor.py:161} INFO - Started process (PID=163) to work on /home/airflow/.local/lib/python3.8/site-packages/airflow/example_dags/example_branch_operator_decorator.py
[2025-02-22T18:04:35.849+0000] {processor.py:830} INFO - Processing file /home/airflow/.local/lib/python3.8/site-packages/airflow/example_dags/example_branch_operator_decorator.py for tasks to queue
[2025-02-22T18:04:35.850+0000] {logging_mixin.py:188} INFO - [2025-02-22T18:04:35.850+0000] {dagbag.py:538} INFO - Filling up the DagBag from /home/airflow/.local/lib/python3.8/site-packages/airflow/example_dags/example_branch_operator_decorator.py
[2025-02-22T18:04:35.859+0000] {processor.py:840} INFO - DAG(s) 'example_branch_python_operator_decorator' retrieved from /home/airflow/.local/lib/python3.8/site-packages/airflow/example_dags/example_branch_operator_decorator.py
[2025-02-22T18:04:35.876+0000] {logging_mixin.py:188} INFO - [2025-02-22T18:04:35.875+0000] {dag.py:3033} INFO - Sync 1 DAGs
[2025-02-22T18:04:35.889+0000] {logging_mixin.py:188} INFO - [2025-02-22T18:04:35.888+0000] {dag.py:3820} INFO - Setting next_dagrun for example_branch_python_operator_decorator to 2025-02-21T00:00:00+00:00, run_after=2025-02-22T00:00:00+00:00
[2025-02-22T18:04:35.899+0000] {processor.py:183} INFO - Processing /home/airflow/.local/lib/python3.8/site-packages/airflow/example_dags/example_branch_operator_decorator.py took 0.053 seconds
[2025-02-22T18:05:06.175+0000] {processor.py:161} INFO - Started process (PID=218) to work on /home/airflow/.local/lib/python3.8/site-packages/airflow/example_dags/example_branch_operator_decorator.py
[2025-02-22T18:05:06.176+0000] {processor.py:830} INFO - Processing file /home/airflow/.local/lib/python3.8/site-packages/airflow/example_dags/example_branch_operator_decorator.py for tasks to queue
[2025-02-22T18:05:06.178+0000] {logging_mixin.py:188} INFO - [2025-02-22T18:05:06.177+0000] {dagbag.py:538} INFO - Filling up the DagBag from /home/airflow/.local/lib/python3.8/site-packages/airflow/example_dags/example_branch_operator_decorator.py
[2025-02-22T18:05:06.188+0000] {processor.py:840} INFO - DAG(s) 'example_branch_python_operator_decorator' retrieved from /home/airflow/.local/lib/python3.8/site-packages/airflow/example_dags/example_branch_operator_decorator.py
[2025-02-22T18:05:06.206+0000] {logging_mixin.py:188} INFO - [2025-02-22T18:05:06.206+0000] {dag.py:3033} INFO - Sync 1 DAGs
[2025-02-22T18:05:06.218+0000] {logging_mixin.py:188} INFO - [2025-02-22T18:05:06.218+0000] {dag.py:3820} INFO - Setting next_dagrun for example_branch_python_operator_decorator to 2025-02-21T00:00:00+00:00, run_after=2025-02-22T00:00:00+00:00
[2025-02-22T18:05:06.229+0000] {processor.py:183} INFO - Processing /home/airflow/.local/lib/python3.8/site-packages/airflow/example_dags/example_branch_operator_decorator.py took 0.057 seconds
