[2025-02-22T18:03:35.846+0000] {processor.py:161} INFO - Started process (PID=82) to work on /home/airflow/.local/lib/python3.8/site-packages/airflow/example_dags/example_short_circuit_decorator.py
[2025-02-22T18:03:35.847+0000] {processor.py:830} INFO - Processing file /home/airflow/.local/lib/python3.8/site-packages/airflow/example_dags/example_short_circuit_decorator.py for tasks to queue
[2025-02-22T18:03:35.849+0000] {logging_mixin.py:188} INFO - [2025-02-22T18:03:35.849+0000] {dagbag.py:538} INFO - Filling up the DagBag from /home/airflow/.local/lib/python3.8/site-packages/airflow/example_dags/example_short_circuit_decorator.py
[2025-02-22T18:03:35.857+0000] {processor.py:840} INFO - DAG(s) 'example_short_circuit_decorator' retrieved from /home/airflow/.local/lib/python3.8/site-packages/airflow/example_dags/example_short_circuit_decorator.py
[2025-02-22T18:03:35.868+0000] {logging_mixin.py:188} INFO - [2025-02-22T18:03:35.868+0000] {dag.py:3033} INFO - Sync 1 DAGs
[2025-02-22T18:03:35.885+0000] {logging_mixin.py:188} INFO - [2025-02-22T18:03:35.885+0000] {dag.py:3820} INFO - Setting next_dagrun for example_short_circuit_decorator to 2025-02-21T00:00:00+00:00, run_after=2025-02-22T00:00:00+00:00
[2025-02-22T18:03:35.899+0000] {processor.py:183} INFO - Processing /home/airflow/.local/lib/python3.8/site-packages/airflow/example_dags/example_short_circuit_decorator.py took 0.056 seconds
[2025-02-22T18:04:07.006+0000] {processor.py:161} INFO - Started process (PID=137) to work on /home/airflow/.local/lib/python3.8/site-packages/airflow/example_dags/example_short_circuit_decorator.py
[2025-02-22T18:04:07.008+0000] {processor.py:830} INFO - Processing file /home/airflow/.local/lib/python3.8/site-packages/airflow/example_dags/example_short_circuit_decorator.py for tasks to queue
[2025-02-22T18:04:07.009+0000] {logging_mixin.py:188} INFO - [2025-02-22T18:04:07.009+0000] {dagbag.py:538} INFO - Filling up the DagBag from /home/airflow/.local/lib/python3.8/site-packages/airflow/example_dags/example_short_circuit_decorator.py
[2025-02-22T18:04:07.014+0000] {processor.py:840} INFO - DAG(s) 'example_short_circuit_decorator' retrieved from /home/airflow/.local/lib/python3.8/site-packages/airflow/example_dags/example_short_circuit_decorator.py
[2025-02-22T18:04:07.074+0000] {logging_mixin.py:188} INFO - [2025-02-22T18:04:07.073+0000] {dag.py:3033} INFO - Sync 1 DAGs
[2025-02-22T18:04:07.084+0000] {logging_mixin.py:188} INFO - [2025-02-22T18:04:07.084+0000] {dag.py:3820} INFO - Setting next_dagrun for example_short_circuit_decorator to 2025-02-21T00:00:00+00:00, run_after=2025-02-22T00:00:00+00:00
[2025-02-22T18:04:07.098+0000] {processor.py:183} INFO - Processing /home/airflow/.local/lib/python3.8/site-packages/airflow/example_dags/example_short_circuit_decorator.py took 0.093 seconds
[2025-02-22T18:04:37.647+0000] {processor.py:161} INFO - Started process (PID=192) to work on /home/airflow/.local/lib/python3.8/site-packages/airflow/example_dags/example_short_circuit_decorator.py
[2025-02-22T18:04:37.647+0000] {processor.py:830} INFO - Processing file /home/airflow/.local/lib/python3.8/site-packages/airflow/example_dags/example_short_circuit_decorator.py for tasks to queue
[2025-02-22T18:04:37.649+0000] {logging_mixin.py:188} INFO - [2025-02-22T18:04:37.648+0000] {dagbag.py:538} INFO - Filling up the DagBag from /home/airflow/.local/lib/python3.8/site-packages/airflow/example_dags/example_short_circuit_decorator.py
[2025-02-22T18:04:37.653+0000] {processor.py:840} INFO - DAG(s) 'example_short_circuit_decorator' retrieved from /home/airflow/.local/lib/python3.8/site-packages/airflow/example_dags/example_short_circuit_decorator.py
[2025-02-22T18:04:37.668+0000] {logging_mixin.py:188} INFO - [2025-02-22T18:04:37.668+0000] {dag.py:3033} INFO - Sync 1 DAGs
[2025-02-22T18:04:37.680+0000] {logging_mixin.py:188} INFO - [2025-02-22T18:04:37.680+0000] {dag.py:3820} INFO - Setting next_dagrun for example_short_circuit_decorator to 2025-02-21T00:00:00+00:00, run_after=2025-02-22T00:00:00+00:00
[2025-02-22T18:04:37.691+0000] {processor.py:183} INFO - Processing /home/airflow/.local/lib/python3.8/site-packages/airflow/example_dags/example_short_circuit_decorator.py took 0.046 seconds
[2025-02-22T18:05:08.006+0000] {processor.py:161} INFO - Started process (PID=241) to work on /home/airflow/.local/lib/python3.8/site-packages/airflow/example_dags/example_short_circuit_decorator.py
[2025-02-22T18:05:08.007+0000] {processor.py:830} INFO - Processing file /home/airflow/.local/lib/python3.8/site-packages/airflow/example_dags/example_short_circuit_decorator.py for tasks to queue
[2025-02-22T18:05:08.008+0000] {logging_mixin.py:188} INFO - [2025-02-22T18:05:08.008+0000] {dagbag.py:538} INFO - Filling up the DagBag from /home/airflow/.local/lib/python3.8/site-packages/airflow/example_dags/example_short_circuit_decorator.py
[2025-02-22T18:05:08.013+0000] {processor.py:840} INFO - DAG(s) 'example_short_circuit_decorator' retrieved from /home/airflow/.local/lib/python3.8/site-packages/airflow/example_dags/example_short_circuit_decorator.py
[2025-02-22T18:05:08.026+0000] {logging_mixin.py:188} INFO - [2025-02-22T18:05:08.026+0000] {dag.py:3033} INFO - Sync 1 DAGs
[2025-02-22T18:05:08.038+0000] {logging_mixin.py:188} INFO - [2025-02-22T18:05:08.038+0000] {dag.py:3820} INFO - Setting next_dagrun for example_short_circuit_decorator to 2025-02-21T00:00:00+00:00, run_after=2025-02-22T00:00:00+00:00
[2025-02-22T18:05:08.049+0000] {processor.py:183} INFO - Processing /home/airflow/.local/lib/python3.8/site-packages/airflow/example_dags/example_short_circuit_decorator.py took 0.045 seconds
