[2025-02-22T18:03:35.054+0000] {processor.py:161} INFO - Started process (PID=57) to work on /home/airflow/.local/lib/python3.8/site-packages/airflow/example_dags/example_nested_branch_dag.py
[2025-02-22T18:03:35.055+0000] {processor.py:830} INFO - Processing file /home/airflow/.local/lib/python3.8/site-packages/airflow/example_dags/example_nested_branch_dag.py for tasks to queue
[2025-02-22T18:03:35.056+0000] {logging_mixin.py:188} INFO - [2025-02-22T18:03:35.056+0000] {dagbag.py:538} INFO - Filling up the DagBag from /home/airflow/.local/lib/python3.8/site-packages/airflow/example_dags/example_nested_branch_dag.py
[2025-02-22T18:03:35.068+0000] {processor.py:840} INFO - DAG(s) 'example_nested_branch_dag' retrieved from /home/airflow/.local/lib/python3.8/site-packages/airflow/example_dags/example_nested_branch_dag.py
[2025-02-22T18:03:35.080+0000] {logging_mixin.py:188} INFO - [2025-02-22T18:03:35.080+0000] {dag.py:3033} INFO - Sync 1 DAGs
[2025-02-22T18:03:35.098+0000] {logging_mixin.py:188} INFO - [2025-02-22T18:03:35.098+0000] {dag.py:3820} INFO - Setting next_dagrun for example_nested_branch_dag to 2025-02-21T00:00:00+00:00, run_after=2025-02-22T00:00:00+00:00
[2025-02-22T18:03:35.115+0000] {processor.py:183} INFO - Processing /home/airflow/.local/lib/python3.8/site-packages/airflow/example_dags/example_nested_branch_dag.py took 0.063 seconds
[2025-02-22T18:04:05.863+0000] {processor.py:161} INFO - Started process (PID=112) to work on /home/airflow/.local/lib/python3.8/site-packages/airflow/example_dags/example_nested_branch_dag.py
[2025-02-22T18:04:05.864+0000] {processor.py:830} INFO - Processing file /home/airflow/.local/lib/python3.8/site-packages/airflow/example_dags/example_nested_branch_dag.py for tasks to queue
[2025-02-22T18:04:05.865+0000] {logging_mixin.py:188} INFO - [2025-02-22T18:04:05.865+0000] {dagbag.py:538} INFO - Filling up the DagBag from /home/airflow/.local/lib/python3.8/site-packages/airflow/example_dags/example_nested_branch_dag.py
[2025-02-22T18:04:05.871+0000] {processor.py:840} INFO - DAG(s) 'example_nested_branch_dag' retrieved from /home/airflow/.local/lib/python3.8/site-packages/airflow/example_dags/example_nested_branch_dag.py
[2025-02-22T18:04:05.931+0000] {logging_mixin.py:188} INFO - [2025-02-22T18:04:05.931+0000] {dag.py:3033} INFO - Sync 1 DAGs
[2025-02-22T18:04:05.943+0000] {logging_mixin.py:188} INFO - [2025-02-22T18:04:05.943+0000] {dag.py:3820} INFO - Setting next_dagrun for example_nested_branch_dag to 2025-02-21T00:00:00+00:00, run_after=2025-02-22T00:00:00+00:00
[2025-02-22T18:04:05.957+0000] {processor.py:183} INFO - Processing /home/airflow/.local/lib/python3.8/site-packages/airflow/example_dags/example_nested_branch_dag.py took 0.096 seconds
[2025-02-22T18:04:36.928+0000] {processor.py:161} INFO - Started process (PID=173) to work on /home/airflow/.local/lib/python3.8/site-packages/airflow/example_dags/example_nested_branch_dag.py
[2025-02-22T18:04:36.929+0000] {processor.py:830} INFO - Processing file /home/airflow/.local/lib/python3.8/site-packages/airflow/example_dags/example_nested_branch_dag.py for tasks to queue
[2025-02-22T18:04:36.930+0000] {logging_mixin.py:188} INFO - [2025-02-22T18:04:36.930+0000] {dagbag.py:538} INFO - Filling up the DagBag from /home/airflow/.local/lib/python3.8/site-packages/airflow/example_dags/example_nested_branch_dag.py
[2025-02-22T18:04:36.935+0000] {processor.py:840} INFO - DAG(s) 'example_nested_branch_dag' retrieved from /home/airflow/.local/lib/python3.8/site-packages/airflow/example_dags/example_nested_branch_dag.py
[2025-02-22T18:04:36.949+0000] {logging_mixin.py:188} INFO - [2025-02-22T18:04:36.948+0000] {dag.py:3033} INFO - Sync 1 DAGs
[2025-02-22T18:04:36.961+0000] {logging_mixin.py:188} INFO - [2025-02-22T18:04:36.961+0000] {dag.py:3820} INFO - Setting next_dagrun for example_nested_branch_dag to 2025-02-21T00:00:00+00:00, run_after=2025-02-22T00:00:00+00:00
[2025-02-22T18:04:36.971+0000] {processor.py:183} INFO - Processing /home/airflow/.local/lib/python3.8/site-packages/airflow/example_dags/example_nested_branch_dag.py took 0.045 seconds
[2025-02-22T18:05:07.259+0000] {processor.py:161} INFO - Started process (PID=222) to work on /home/airflow/.local/lib/python3.8/site-packages/airflow/example_dags/example_nested_branch_dag.py
[2025-02-22T18:05:07.260+0000] {processor.py:830} INFO - Processing file /home/airflow/.local/lib/python3.8/site-packages/airflow/example_dags/example_nested_branch_dag.py for tasks to queue
[2025-02-22T18:05:07.262+0000] {logging_mixin.py:188} INFO - [2025-02-22T18:05:07.262+0000] {dagbag.py:538} INFO - Filling up the DagBag from /home/airflow/.local/lib/python3.8/site-packages/airflow/example_dags/example_nested_branch_dag.py
[2025-02-22T18:05:07.267+0000] {processor.py:840} INFO - DAG(s) 'example_nested_branch_dag' retrieved from /home/airflow/.local/lib/python3.8/site-packages/airflow/example_dags/example_nested_branch_dag.py
[2025-02-22T18:05:07.281+0000] {logging_mixin.py:188} INFO - [2025-02-22T18:05:07.281+0000] {dag.py:3033} INFO - Sync 1 DAGs
[2025-02-22T18:05:07.295+0000] {logging_mixin.py:188} INFO - [2025-02-22T18:05:07.295+0000] {dag.py:3820} INFO - Setting next_dagrun for example_nested_branch_dag to 2025-02-21T00:00:00+00:00, run_after=2025-02-22T00:00:00+00:00
[2025-02-22T18:05:07.306+0000] {processor.py:183} INFO - Processing /home/airflow/.local/lib/python3.8/site-packages/airflow/example_dags/example_nested_branch_dag.py took 0.048 seconds
