[2025-02-22T18:03:35.265+0000] {processor.py:161} INFO - Started process (PID=68) to work on /home/airflow/.local/lib/python3.8/site-packages/airflow/example_dags/example_dag_decorator.py
[2025-02-22T18:03:35.265+0000] {processor.py:830} INFO - Processing file /home/airflow/.local/lib/python3.8/site-packages/airflow/example_dags/example_dag_decorator.py for tasks to queue
[2025-02-22T18:03:35.267+0000] {logging_mixin.py:188} INFO - [2025-02-22T18:03:35.267+0000] {dagbag.py:538} INFO - Filling up the DagBag from /home/airflow/.local/lib/python3.8/site-packages/airflow/example_dags/example_dag_decorator.py
[2025-02-22T18:03:35.434+0000] {processor.py:840} INFO - DAG(s) 'example_dag_decorator' retrieved from /home/airflow/.local/lib/python3.8/site-packages/airflow/example_dags/example_dag_decorator.py
[2025-02-22T18:03:35.444+0000] {logging_mixin.py:188} INFO - [2025-02-22T18:03:35.444+0000] {dag.py:3033} INFO - Sync 1 DAGs
[2025-02-22T18:03:35.454+0000] {logging_mixin.py:188} INFO - [2025-02-22T18:03:35.454+0000] {dag.py:3820} INFO - Setting next_dagrun for example_dag_decorator to None, run_after=None
[2025-02-22T18:03:35.469+0000] {processor.py:183} INFO - Processing /home/airflow/.local/lib/python3.8/site-packages/airflow/example_dags/example_dag_decorator.py took 0.207 seconds
[2025-02-22T18:04:06.199+0000] {processor.py:161} INFO - Started process (PID=123) to work on /home/airflow/.local/lib/python3.8/site-packages/airflow/example_dags/example_dag_decorator.py
[2025-02-22T18:04:06.200+0000] {processor.py:830} INFO - Processing file /home/airflow/.local/lib/python3.8/site-packages/airflow/example_dags/example_dag_decorator.py for tasks to queue
[2025-02-22T18:04:06.201+0000] {logging_mixin.py:188} INFO - [2025-02-22T18:04:06.201+0000] {dagbag.py:538} INFO - Filling up the DagBag from /home/airflow/.local/lib/python3.8/site-packages/airflow/example_dags/example_dag_decorator.py
[2025-02-22T18:04:06.256+0000] {processor.py:840} INFO - DAG(s) 'example_dag_decorator' retrieved from /home/airflow/.local/lib/python3.8/site-packages/airflow/example_dags/example_dag_decorator.py
[2025-02-22T18:04:06.324+0000] {logging_mixin.py:188} INFO - [2025-02-22T18:04:06.323+0000] {dag.py:3033} INFO - Sync 1 DAGs
[2025-02-22T18:04:06.329+0000] {logging_mixin.py:188} INFO - [2025-02-22T18:04:06.329+0000] {dag.py:3820} INFO - Setting next_dagrun for example_dag_decorator to None, run_after=None
[2025-02-22T18:04:06.342+0000] {processor.py:183} INFO - Processing /home/airflow/.local/lib/python3.8/site-packages/airflow/example_dags/example_dag_decorator.py took 0.145 seconds
[2025-02-22T18:04:37.086+0000] {processor.py:161} INFO - Started process (PID=178) to work on /home/airflow/.local/lib/python3.8/site-packages/airflow/example_dags/example_dag_decorator.py
[2025-02-22T18:04:37.087+0000] {processor.py:830} INFO - Processing file /home/airflow/.local/lib/python3.8/site-packages/airflow/example_dags/example_dag_decorator.py for tasks to queue
[2025-02-22T18:04:37.088+0000] {logging_mixin.py:188} INFO - [2025-02-22T18:04:37.088+0000] {dagbag.py:538} INFO - Filling up the DagBag from /home/airflow/.local/lib/python3.8/site-packages/airflow/example_dags/example_dag_decorator.py
[2025-02-22T18:04:37.136+0000] {processor.py:840} INFO - DAG(s) 'example_dag_decorator' retrieved from /home/airflow/.local/lib/python3.8/site-packages/airflow/example_dags/example_dag_decorator.py
[2025-02-22T18:04:37.193+0000] {logging_mixin.py:188} INFO - [2025-02-22T18:04:37.193+0000] {dag.py:3033} INFO - Sync 1 DAGs
[2025-02-22T18:04:37.198+0000] {logging_mixin.py:188} INFO - [2025-02-22T18:04:37.198+0000] {dag.py:3820} INFO - Setting next_dagrun for example_dag_decorator to None, run_after=None
[2025-02-22T18:04:37.209+0000] {processor.py:183} INFO - Processing /home/airflow/.local/lib/python3.8/site-packages/airflow/example_dags/example_dag_decorator.py took 0.125 seconds
[2025-02-22T18:05:07.429+0000] {processor.py:161} INFO - Started process (PID=227) to work on /home/airflow/.local/lib/python3.8/site-packages/airflow/example_dags/example_dag_decorator.py
[2025-02-22T18:05:07.430+0000] {processor.py:830} INFO - Processing file /home/airflow/.local/lib/python3.8/site-packages/airflow/example_dags/example_dag_decorator.py for tasks to queue
[2025-02-22T18:05:07.431+0000] {logging_mixin.py:188} INFO - [2025-02-22T18:05:07.431+0000] {dagbag.py:538} INFO - Filling up the DagBag from /home/airflow/.local/lib/python3.8/site-packages/airflow/example_dags/example_dag_decorator.py
[2025-02-22T18:05:07.487+0000] {processor.py:840} INFO - DAG(s) 'example_dag_decorator' retrieved from /home/airflow/.local/lib/python3.8/site-packages/airflow/example_dags/example_dag_decorator.py
[2025-02-22T18:05:07.552+0000] {logging_mixin.py:188} INFO - [2025-02-22T18:05:07.552+0000] {dag.py:3033} INFO - Sync 1 DAGs
[2025-02-22T18:05:07.558+0000] {logging_mixin.py:188} INFO - [2025-02-22T18:05:07.558+0000] {dag.py:3820} INFO - Setting next_dagrun for example_dag_decorator to None, run_after=None
[2025-02-22T18:05:07.570+0000] {processor.py:183} INFO - Processing /home/airflow/.local/lib/python3.8/site-packages/airflow/example_dags/example_dag_decorator.py took 0.143 seconds
