[2025-02-22T18:03:36.255+0000] {processor.py:161} INFO - Started process (PID=93) to work on /home/airflow/.local/lib/python3.8/site-packages/airflow/example_dags/example_sensors.py
[2025-02-22T18:03:36.256+0000] {processor.py:830} INFO - Processing file /home/airflow/.local/lib/python3.8/site-packages/airflow/example_dags/example_sensors.py for tasks to queue
[2025-02-22T18:03:36.258+0000] {logging_mixin.py:188} INFO - [2025-02-22T18:03:36.258+0000] {dagbag.py:538} INFO - Filling up the DagBag from /home/airflow/.local/lib/python3.8/site-packages/airflow/example_dags/example_sensors.py
[2025-02-22T18:03:36.267+0000] {processor.py:840} INFO - DAG(s) 'example_sensors' retrieved from /home/airflow/.local/lib/python3.8/site-packages/airflow/example_dags/example_sensors.py
[2025-02-22T18:03:36.278+0000] {logging_mixin.py:188} INFO - [2025-02-22T18:03:36.278+0000] {dag.py:3033} INFO - Sync 1 DAGs
[2025-02-22T18:03:36.289+0000] {logging_mixin.py:188} INFO - [2025-02-22T18:03:36.289+0000] {dag.py:3820} INFO - Setting next_dagrun for example_sensors to None, run_after=None
[2025-02-22T18:03:36.304+0000] {processor.py:183} INFO - Processing /home/airflow/.local/lib/python3.8/site-packages/airflow/example_dags/example_sensors.py took 0.053 seconds
[2025-02-22T18:04:07.605+0000] {processor.py:161} INFO - Started process (PID=148) to work on /home/airflow/.local/lib/python3.8/site-packages/airflow/example_dags/example_sensors.py
[2025-02-22T18:04:07.606+0000] {processor.py:830} INFO - Processing file /home/airflow/.local/lib/python3.8/site-packages/airflow/example_dags/example_sensors.py for tasks to queue
[2025-02-22T18:04:07.608+0000] {logging_mixin.py:188} INFO - [2025-02-22T18:04:07.607+0000] {dagbag.py:538} INFO - Filling up the DagBag from /home/airflow/.local/lib/python3.8/site-packages/airflow/example_dags/example_sensors.py
[2025-02-22T18:04:07.613+0000] {processor.py:840} INFO - DAG(s) 'example_sensors' retrieved from /home/airflow/.local/lib/python3.8/site-packages/airflow/example_dags/example_sensors.py
[2025-02-22T18:04:07.675+0000] {logging_mixin.py:188} INFO - [2025-02-22T18:04:07.675+0000] {dag.py:3033} INFO - Sync 1 DAGs
[2025-02-22T18:04:07.681+0000] {logging_mixin.py:188} INFO - [2025-02-22T18:04:07.681+0000] {dag.py:3820} INFO - Setting next_dagrun for example_sensors to None, run_after=None
[2025-02-22T18:04:07.692+0000] {processor.py:183} INFO - Processing /home/airflow/.local/lib/python3.8/site-packages/airflow/example_dags/example_sensors.py took 0.089 seconds
[2025-02-22T18:04:37.936+0000] {processor.py:161} INFO - Started process (PID=203) to work on /home/airflow/.local/lib/python3.8/site-packages/airflow/example_dags/example_sensors.py
[2025-02-22T18:04:37.937+0000] {processor.py:830} INFO - Processing file /home/airflow/.local/lib/python3.8/site-packages/airflow/example_dags/example_sensors.py for tasks to queue
[2025-02-22T18:04:37.938+0000] {logging_mixin.py:188} INFO - [2025-02-22T18:04:37.938+0000] {dagbag.py:538} INFO - Filling up the DagBag from /home/airflow/.local/lib/python3.8/site-packages/airflow/example_dags/example_sensors.py
[2025-02-22T18:04:37.943+0000] {processor.py:840} INFO - DAG(s) 'example_sensors' retrieved from /home/airflow/.local/lib/python3.8/site-packages/airflow/example_dags/example_sensors.py
[2025-02-22T18:04:37.957+0000] {logging_mixin.py:188} INFO - [2025-02-22T18:04:37.957+0000] {dag.py:3033} INFO - Sync 1 DAGs
[2025-02-22T18:04:37.963+0000] {logging_mixin.py:188} INFO - [2025-02-22T18:04:37.963+0000] {dag.py:3820} INFO - Setting next_dagrun for example_sensors to None, run_after=None
[2025-02-22T18:04:37.974+0000] {processor.py:183} INFO - Processing /home/airflow/.local/lib/python3.8/site-packages/airflow/example_dags/example_sensors.py took 0.040 seconds
[2025-02-22T18:05:08.392+0000] {processor.py:161} INFO - Started process (PID=252) to work on /home/airflow/.local/lib/python3.8/site-packages/airflow/example_dags/example_sensors.py
[2025-02-22T18:05:08.392+0000] {processor.py:830} INFO - Processing file /home/airflow/.local/lib/python3.8/site-packages/airflow/example_dags/example_sensors.py for tasks to queue
[2025-02-22T18:05:08.393+0000] {logging_mixin.py:188} INFO - [2025-02-22T18:05:08.393+0000] {dagbag.py:538} INFO - Filling up the DagBag from /home/airflow/.local/lib/python3.8/site-packages/airflow/example_dags/example_sensors.py
[2025-02-22T18:05:08.398+0000] {processor.py:840} INFO - DAG(s) 'example_sensors' retrieved from /home/airflow/.local/lib/python3.8/site-packages/airflow/example_dags/example_sensors.py
[2025-02-22T18:05:08.414+0000] {logging_mixin.py:188} INFO - [2025-02-22T18:05:08.414+0000] {dag.py:3033} INFO - Sync 1 DAGs
[2025-02-22T18:05:08.421+0000] {logging_mixin.py:188} INFO - [2025-02-22T18:05:08.421+0000] {dag.py:3820} INFO - Setting next_dagrun for example_sensors to None, run_after=None
[2025-02-22T18:05:08.432+0000] {processor.py:183} INFO - Processing /home/airflow/.local/lib/python3.8/site-packages/airflow/example_dags/example_sensors.py took 0.042 seconds
