[2025-02-22T18:03:35.930+0000] {processor.py:161} INFO - Started process (PID=85) to work on /home/airflow/.local/lib/python3.8/site-packages/airflow/example_dags/tutorial.py
[2025-02-22T18:03:35.931+0000] {processor.py:830} INFO - Processing file /home/airflow/.local/lib/python3.8/site-packages/airflow/example_dags/tutorial.py for tasks to queue
[2025-02-22T18:03:35.932+0000] {logging_mixin.py:188} INFO - [2025-02-22T18:03:35.932+0000] {dagbag.py:538} INFO - Filling up the DagBag from /home/airflow/.local/lib/python3.8/site-packages/airflow/example_dags/tutorial.py
[2025-02-22T18:03:35.937+0000] {processor.py:840} INFO - DAG(s) 'tutorial' retrieved from /home/airflow/.local/lib/python3.8/site-packages/airflow/example_dags/tutorial.py
[2025-02-22T18:03:35.945+0000] {logging_mixin.py:188} INFO - [2025-02-22T18:03:35.945+0000] {dag.py:3033} INFO - Sync 1 DAGs
[2025-02-22T18:03:35.960+0000] {logging_mixin.py:188} INFO - [2025-02-22T18:03:35.960+0000] {dag.py:3820} INFO - Setting next_dagrun for tutorial to 2025-02-21T00:00:00+00:00, run_after=2025-02-22T00:00:00+00:00
[2025-02-22T18:03:35.974+0000] {processor.py:183} INFO - Processing /home/airflow/.local/lib/python3.8/site-packages/airflow/example_dags/tutorial.py took 0.045 seconds
[2025-02-22T18:04:07.187+0000] {processor.py:161} INFO - Started process (PID=140) to work on /home/airflow/.local/lib/python3.8/site-packages/airflow/example_dags/tutorial.py
[2025-02-22T18:04:07.188+0000] {processor.py:830} INFO - Processing file /home/airflow/.local/lib/python3.8/site-packages/airflow/example_dags/tutorial.py for tasks to queue
[2025-02-22T18:04:07.189+0000] {logging_mixin.py:188} INFO - [2025-02-22T18:04:07.189+0000] {dagbag.py:538} INFO - Filling up the DagBag from /home/airflow/.local/lib/python3.8/site-packages/airflow/example_dags/tutorial.py
[2025-02-22T18:04:07.192+0000] {processor.py:840} INFO - DAG(s) 'tutorial' retrieved from /home/airflow/.local/lib/python3.8/site-packages/airflow/example_dags/tutorial.py
[2025-02-22T18:04:07.253+0000] {logging_mixin.py:188} INFO - [2025-02-22T18:04:07.252+0000] {dag.py:3033} INFO - Sync 1 DAGs
[2025-02-22T18:04:07.263+0000] {logging_mixin.py:188} INFO - [2025-02-22T18:04:07.263+0000] {dag.py:3820} INFO - Setting next_dagrun for tutorial to 2025-02-21T00:00:00+00:00, run_after=2025-02-22T00:00:00+00:00
[2025-02-22T18:04:07.276+0000] {processor.py:183} INFO - Processing /home/airflow/.local/lib/python3.8/site-packages/airflow/example_dags/tutorial.py took 0.091 seconds
[2025-02-22T18:04:37.729+0000] {processor.py:161} INFO - Started process (PID=195) to work on /home/airflow/.local/lib/python3.8/site-packages/airflow/example_dags/tutorial.py
[2025-02-22T18:04:37.729+0000] {processor.py:830} INFO - Processing file /home/airflow/.local/lib/python3.8/site-packages/airflow/example_dags/tutorial.py for tasks to queue
[2025-02-22T18:04:37.731+0000] {logging_mixin.py:188} INFO - [2025-02-22T18:04:37.730+0000] {dagbag.py:538} INFO - Filling up the DagBag from /home/airflow/.local/lib/python3.8/site-packages/airflow/example_dags/tutorial.py
[2025-02-22T18:04:37.734+0000] {processor.py:840} INFO - DAG(s) 'tutorial' retrieved from /home/airflow/.local/lib/python3.8/site-packages/airflow/example_dags/tutorial.py
[2025-02-22T18:04:37.746+0000] {logging_mixin.py:188} INFO - [2025-02-22T18:04:37.746+0000] {dag.py:3033} INFO - Sync 1 DAGs
[2025-02-22T18:04:37.757+0000] {logging_mixin.py:188} INFO - [2025-02-22T18:04:37.757+0000] {dag.py:3820} INFO - Setting next_dagrun for tutorial to 2025-02-21T00:00:00+00:00, run_after=2025-02-22T00:00:00+00:00
[2025-02-22T18:04:37.768+0000] {processor.py:183} INFO - Processing /home/airflow/.local/lib/python3.8/site-packages/airflow/example_dags/tutorial.py took 0.041 seconds
[2025-02-22T18:05:08.113+0000] {processor.py:161} INFO - Started process (PID=244) to work on /home/airflow/.local/lib/python3.8/site-packages/airflow/example_dags/tutorial.py
[2025-02-22T18:05:08.114+0000] {processor.py:830} INFO - Processing file /home/airflow/.local/lib/python3.8/site-packages/airflow/example_dags/tutorial.py for tasks to queue
[2025-02-22T18:05:08.115+0000] {logging_mixin.py:188} INFO - [2025-02-22T18:05:08.115+0000] {dagbag.py:538} INFO - Filling up the DagBag from /home/airflow/.local/lib/python3.8/site-packages/airflow/example_dags/tutorial.py
[2025-02-22T18:05:08.118+0000] {processor.py:840} INFO - DAG(s) 'tutorial' retrieved from /home/airflow/.local/lib/python3.8/site-packages/airflow/example_dags/tutorial.py
[2025-02-22T18:05:08.130+0000] {logging_mixin.py:188} INFO - [2025-02-22T18:05:08.130+0000] {dag.py:3033} INFO - Sync 1 DAGs
[2025-02-22T18:05:08.142+0000] {logging_mixin.py:188} INFO - [2025-02-22T18:05:08.142+0000] {dag.py:3820} INFO - Setting next_dagrun for tutorial to 2025-02-21T00:00:00+00:00, run_after=2025-02-22T00:00:00+00:00
[2025-02-22T18:05:08.154+0000] {processor.py:183} INFO - Processing /home/airflow/.local/lib/python3.8/site-packages/airflow/example_dags/tutorial.py took 0.043 seconds
