[2025-02-22T18:03:36.119+0000] {processor.py:161} INFO - Started process (PID=89) to work on /home/airflow/.local/lib/python3.8/site-packages/airflow/example_dags/tutorial_objectstorage.py
[2025-02-22T18:03:36.119+0000] {processor.py:830} INFO - Processing file /home/airflow/.local/lib/python3.8/site-packages/airflow/example_dags/tutorial_objectstorage.py for tasks to queue
[2025-02-22T18:03:36.122+0000] {logging_mixin.py:188} INFO - [2025-02-22T18:03:36.121+0000] {dagbag.py:538} INFO - Filling up the DagBag from /home/airflow/.local/lib/python3.8/site-packages/airflow/example_dags/tutorial_objectstorage.py
[2025-02-22T18:03:36.128+0000] {processor.py:840} INFO - DAG(s) 'tutorial_objectstorage' retrieved from /home/airflow/.local/lib/python3.8/site-packages/airflow/example_dags/tutorial_objectstorage.py
[2025-02-22T18:03:36.141+0000] {logging_mixin.py:188} INFO - [2025-02-22T18:03:36.140+0000] {dag.py:3033} INFO - Sync 1 DAGs
[2025-02-22T18:03:36.153+0000] {logging_mixin.py:188} INFO - [2025-02-22T18:03:36.152+0000] {dag.py:3820} INFO - Setting next_dagrun for tutorial_objectstorage to None, run_after=None
[2025-02-22T18:03:36.168+0000] {processor.py:183} INFO - Processing /home/airflow/.local/lib/python3.8/site-packages/airflow/example_dags/tutorial_objectstorage.py took 0.052 seconds
[2025-02-22T18:04:07.409+0000] {processor.py:161} INFO - Started process (PID=144) to work on /home/airflow/.local/lib/python3.8/site-packages/airflow/example_dags/tutorial_objectstorage.py
[2025-02-22T18:04:07.410+0000] {processor.py:830} INFO - Processing file /home/airflow/.local/lib/python3.8/site-packages/airflow/example_dags/tutorial_objectstorage.py for tasks to queue
[2025-02-22T18:04:07.412+0000] {logging_mixin.py:188} INFO - [2025-02-22T18:04:07.411+0000] {dagbag.py:538} INFO - Filling up the DagBag from /home/airflow/.local/lib/python3.8/site-packages/airflow/example_dags/tutorial_objectstorage.py
[2025-02-22T18:04:07.415+0000] {processor.py:840} INFO - DAG(s) 'tutorial_objectstorage' retrieved from /home/airflow/.local/lib/python3.8/site-packages/airflow/example_dags/tutorial_objectstorage.py
[2025-02-22T18:04:07.472+0000] {logging_mixin.py:188} INFO - [2025-02-22T18:04:07.472+0000] {dag.py:3033} INFO - Sync 1 DAGs
[2025-02-22T18:04:07.478+0000] {logging_mixin.py:188} INFO - [2025-02-22T18:04:07.478+0000] {dag.py:3820} INFO - Setting next_dagrun for tutorial_objectstorage to None, run_after=None
[2025-02-22T18:04:07.490+0000] {processor.py:183} INFO - Processing /home/airflow/.local/lib/python3.8/site-packages/airflow/example_dags/tutorial_objectstorage.py took 0.083 seconds
[2025-02-22T18:04:37.844+0000] {processor.py:161} INFO - Started process (PID=199) to work on /home/airflow/.local/lib/python3.8/site-packages/airflow/example_dags/tutorial_objectstorage.py
[2025-02-22T18:04:37.845+0000] {processor.py:830} INFO - Processing file /home/airflow/.local/lib/python3.8/site-packages/airflow/example_dags/tutorial_objectstorage.py for tasks to queue
[2025-02-22T18:04:37.846+0000] {logging_mixin.py:188} INFO - [2025-02-22T18:04:37.846+0000] {dagbag.py:538} INFO - Filling up the DagBag from /home/airflow/.local/lib/python3.8/site-packages/airflow/example_dags/tutorial_objectstorage.py
[2025-02-22T18:04:37.849+0000] {processor.py:840} INFO - DAG(s) 'tutorial_objectstorage' retrieved from /home/airflow/.local/lib/python3.8/site-packages/airflow/example_dags/tutorial_objectstorage.py
[2025-02-22T18:04:37.860+0000] {logging_mixin.py:188} INFO - [2025-02-22T18:04:37.860+0000] {dag.py:3033} INFO - Sync 1 DAGs
[2025-02-22T18:04:37.867+0000] {logging_mixin.py:188} INFO - [2025-02-22T18:04:37.867+0000] {dag.py:3820} INFO - Setting next_dagrun for tutorial_objectstorage to None, run_after=None
[2025-02-22T18:04:37.877+0000] {processor.py:183} INFO - Processing /home/airflow/.local/lib/python3.8/site-packages/airflow/example_dags/tutorial_objectstorage.py took 0.035 seconds
[2025-02-22T18:05:08.294+0000] {processor.py:161} INFO - Started process (PID=248) to work on /home/airflow/.local/lib/python3.8/site-packages/airflow/example_dags/tutorial_objectstorage.py
[2025-02-22T18:05:08.294+0000] {processor.py:830} INFO - Processing file /home/airflow/.local/lib/python3.8/site-packages/airflow/example_dags/tutorial_objectstorage.py for tasks to queue
[2025-02-22T18:05:08.295+0000] {logging_mixin.py:188} INFO - [2025-02-22T18:05:08.295+0000] {dagbag.py:538} INFO - Filling up the DagBag from /home/airflow/.local/lib/python3.8/site-packages/airflow/example_dags/tutorial_objectstorage.py
[2025-02-22T18:05:08.299+0000] {processor.py:840} INFO - DAG(s) 'tutorial_objectstorage' retrieved from /home/airflow/.local/lib/python3.8/site-packages/airflow/example_dags/tutorial_objectstorage.py
[2025-02-22T18:05:08.310+0000] {logging_mixin.py:188} INFO - [2025-02-22T18:05:08.310+0000] {dag.py:3033} INFO - Sync 1 DAGs
[2025-02-22T18:05:08.317+0000] {logging_mixin.py:188} INFO - [2025-02-22T18:05:08.317+0000] {dag.py:3820} INFO - Setting next_dagrun for tutorial_objectstorage to None, run_after=None
[2025-02-22T18:05:08.327+0000] {processor.py:183} INFO - Processing /home/airflow/.local/lib/python3.8/site-packages/airflow/example_dags/tutorial_objectstorage.py took 0.036 seconds
